2020.08.06 20:39:13 INFO  started: Metals version 0.9.2 in workspace '/Users/hidenobumochigase/play-samples-play-scala-hello-world-tutorial' for client vscode.
2020.08.06 20:39:14 INFO  time: initialize in 1.47s
2020.08.06 20:39:28 INFO  running '/Library/Java/JavaVirtualMachines/jdk-11.0.2.jdk/Contents/Home/bin/java -Djline.terminal=jline.UnsupportedTerminal -Dsbt.log.noformat=true -Dfile.encoding=UTF-8 -jar /var/folders/_f/jc9h1sv54wj9jwcgz5pyljt40000gp/T/metals9278150168701295600/sbt-launch.jar -Dbloop.export-jar-classifiers=sources bloopInstall'
2020.08.06 20:39:29 INFO  skipping build import with status 'Started'
2020.08.06 20:39:29 ERROR [info] [launcher] getting org.scala-sbt sbt 1.3.4  (this may take some time)...
2020.08.06 20:39:56 ERROR downloading https://repo1.maven.org/maven2/org/scala-lang/scala-library/2.12.10/scala-library-2.12.10.jar ...
2020.08.06 20:39:56 ERROR downloading https://repo1.maven.org/maven2/org/scala-sbt/io_2.12/1.3.1/io_2.12-1.3.1.jar ...
2020.08.06 20:39:56 ERROR downloading https://repo1.maven.org/maven2/org/scala-sbt/logic_2.12/1.3.4/logic_2.12-1.3.4.jar ...
2020.08.06 20:39:56 ERROR downloading https://repo1.maven.org/maven2/org/scala-sbt/main_2.12/1.3.4/main_2.12-1.3.4.jar ...
2020.08.06 20:39:56 ERROR downloading https://repo1.maven.org/maven2/org/scala-sbt/main-settings_2.12/1.3.4/main-settings_2.12-1.3.4.jar ...
2020.08.06 20:39:56 ERROR downloading https://repo1.maven.org/maven2/org/scala-sbt/actions_2.12/1.3.4/actions_2.12-1.3.4.jar ...
2020.08.06 20:39:56 ERROR downloading https://repo1.maven.org/maven2/org/scala-sbt/sbt/1.3.4/sbt-1.3.4.jar ...
2020.08.06 20:39:56 ERROR downloading https://repo1.maven.org/maven2/org/scala-sbt/run_2.12/1.3.4/run_2.12-1.3.4.jar ...
2020.08.06 20:39:56 ERROR :: loading settings :: url = jar:file:/private/var/folders/_f/jc9h1sv54wj9jwcgz5pyljt40000gp/T/metals9278150168701295600/sbt-launch.jar!/org/apache/ivy/core/settings/ivysettings.xml
2020.08.06 20:39:56 ERROR :: loading settings :: url = jar:file:/private/var/folders/_f/jc9h1sv54wj9jwcgz5pyljt40000gp/T/metals9278150168701295600/sbt-launch.jar!/org/apache/ivy/core/settings/ivysettings.xml
2020.08.06 20:39:56 ERROR :: loading settings :: url = jar:file:/private/var/folders/_f/jc9h1sv54wj9jwcgz5pyljt40000gp/T/metals9278150168701295600/sbt-launch.jar!/org/apache/ivy/core/settings/ivysettings.xml
2020.08.06 20:39:56 ERROR :: loading settings :: url = jar:file:/private/var/folders/_f/jc9h1sv54wj9jwcgz5pyljt40000gp/T/metals9278150168701295600/sbt-launch.jar!/org/apache/ivy/core/settings/ivysettings.xml
2020.08.06 20:39:56 ERROR :: loading settings :: url = jar:file:/private/var/folders/_f/jc9h1sv54wj9jwcgz5pyljt40000gp/T/metals9278150168701295600/sbt-launch.jar!/org/apache/ivy/core/settings/ivysettings.xml
2020.08.06 20:39:56 ERROR :: loading settings :: url = jar:file:/private/var/folders/_f/jc9h1sv54wj9jwcgz5pyljt40000gp/T/metals9278150168701295600/sbt-launch.jar!/org/apache/ivy/core/settings/ivysettings.xml
2020.08.06 20:39:56 ERROR :: loading settings :: url = jar:file:/private/var/folders/_f/jc9h1sv54wj9jwcgz5pyljt40000gp/T/metals9278150168701295600/sbt-launch.jar!/org/apache/ivy/core/settings/ivysettings.xml
2020.08.06 20:39:56 ERROR :: loading settings :: url = jar:file:/private/var/folders/_f/jc9h1sv54wj9jwcgz5pyljt40000gp/T/metals9278150168701295600/sbt-launch.jar!/org/apache/ivy/core/settings/ivysettings.xml
2020.08.06 20:39:56 ERROR 	[SUCCESSFUL ] org.scala-sbt#actions_2.12;1.3.4!actions_2.12.jar (186ms)
2020.08.06 20:39:56 ERROR downloading https://repo1.maven.org/maven2/org/scala-sbt/command_2.12/1.3.4/command_2.12-1.3.4.jar ...
2020.08.06 20:39:56 ERROR 	[SUCCESSFUL ] org.scala-sbt#logic_2.12;1.3.4!logic_2.12.jar (228ms)
2020.08.06 20:39:56 ERROR downloading https://repo1.maven.org/maven2/org/scala-sbt/collections_2.12/1.3.4/collections_2.12-1.3.4.jar ...
2020.08.06 20:39:56 ERROR 	[SUCCESSFUL ] org.scala-sbt#run_2.12;1.3.4!run_2.12.jar (230ms)
2020.08.06 20:39:56 ERROR downloading https://repo1.maven.org/maven2/org/scala-sbt/scripted-sbt-redux_2.12/1.3.4/scripted-sbt-redux_2.12-1.3.4.jar ...
2020.08.06 20:39:56 ERROR 	[SUCCESSFUL ] org.scala-sbt#sbt;1.3.4!sbt.jar (254ms)
2020.08.06 20:39:56 ERROR downloading https://repo1.maven.org/maven2/org/scala-sbt/scripted-plugin_2.12/1.3.4/scripted-plugin_2.12-1.3.4.jar ...
2020.08.06 20:39:56 ERROR 	[SUCCESSFUL ] org.scala-sbt#io_2.12;1.3.1!io_2.12.jar (375ms)
2020.08.06 20:39:56 ERROR downloading https://repo1.maven.org/maven2/org/scala-sbt/zinc-lm-integration_2.12/1.3.4/zinc-lm-integration_2.12-1.3.4.jar ...
2020.08.06 20:39:56 ERROR 	[SUCCESSFUL ] org.scala-sbt#main-settings_2.12;1.3.4!main-settings_2.12.jar (380ms)
2020.08.06 20:39:56 ERROR 	[SUCCESSFUL ] org.scala-sbt#command_2.12;1.3.4!command_2.12.jar (194ms)
2020.08.06 20:39:56 ERROR downloading https://repo1.maven.org/maven2/org/scala-lang/modules/scala-xml_2.12/1.2.0/scala-xml_2.12-1.2.0.jar ...
2020.08.06 20:39:56 ERROR downloading https://repo1.maven.org/maven2/org/scala-sbt/launcher-interface/1.1.3/launcher-interface-1.1.3.jar ...
2020.08.06 20:39:56 ERROR 	[SUCCESSFUL ] org.scala-sbt#scripted-plugin_2.12;1.3.4!scripted-plugin_2.12.jar (141ms)
2020.08.06 20:39:56 ERROR downloading https://repo1.maven.org/maven2/org/apache/logging/log4j/log4j-api/2.11.2/log4j-api-2.11.2.jar ...
2020.08.06 20:39:56 ERROR 	[SUCCESSFUL ] org.scala-sbt#scripted-sbt-redux_2.12;1.3.4!scripted-sbt-redux_2.12.jar (164ms)
2020.08.06 20:39:56 ERROR downloading https://repo1.maven.org/maven2/org/apache/logging/log4j/log4j-core/2.11.2/log4j-core-2.11.2.jar ...
2020.08.06 20:39:56 ERROR 	[SUCCESSFUL ] org.scala-sbt#collections_2.12;1.3.4!collections_2.12.jar (223ms)
2020.08.06 20:39:56 ERROR downloading https://repo1.maven.org/maven2/org/apache/logging/log4j/log4j-slf4j-impl/2.11.2/log4j-slf4j-impl-2.11.2.jar ...
2020.08.06 20:39:56 ERROR 	[SUCCESSFUL ] org.scala-sbt#main_2.12;1.3.4!main_2.12.jar (489ms)
2020.08.06 20:39:56 ERROR downloading https://repo1.maven.org/maven2/com/github/cb372/scalacache-caffeine_2.12/0.20.0/scalacache-caffeine_2.12-0.20.0.jar ...
2020.08.06 20:39:56 ERROR 	[SUCCESSFUL ] org.scala-sbt#launcher-interface;1.1.3!launcher-interface.jar (118ms)
2020.08.06 20:39:56 ERROR 	[SUCCESSFUL ] org.scala-sbt#zinc-lm-integration_2.12;1.3.4!zinc-lm-integration_2.12.jar (125ms)
2020.08.06 20:39:56 ERROR downloading https://repo1.maven.org/maven2/io/get-coursier/lm-coursier-shaded_2.12/2.0.0-RC5-2/lm-coursier-shaded_2.12-2.0.0-RC5-2.jar ...
2020.08.06 20:39:56 ERROR downloading https://repo1.maven.org/maven2/org/scala-sbt/util-logging_2.12/1.3.2/util-logging_2.12-1.3.2.jar ...
2020.08.06 20:39:56 ERROR 	[SUCCESSFUL ] org.apache.logging.log4j#log4j-api;2.11.2!log4j-api.jar (140ms)
2020.08.06 20:39:56 ERROR downloading https://repo1.maven.org/maven2/org/scala-sbt/librarymanagement-core_2.12/1.3.0/librarymanagement-core_2.12-1.3.0.jar ...
2020.08.06 20:39:56 ERROR 	[SUCCESSFUL ] org.scala-lang.modules#scala-xml_2.12;1.2.0!scala-xml_2.12.jar(bundle) (189ms)
2020.08.06 20:39:56 ERROR downloading https://repo1.maven.org/maven2/org/scala-sbt/librarymanagement-ivy_2.12/1.3.0/librarymanagement-ivy_2.12-1.3.0.jar ...
2020.08.06 20:39:56 ERROR 	[SUCCESSFUL ] org.apache.logging.log4j#log4j-slf4j-impl;2.11.2!log4j-slf4j-impl.jar (120ms)
2020.08.06 20:39:56 ERROR downloading https://repo1.maven.org/maven2/org/scala-sbt/compiler-interface/1.3.1/compiler-interface-1.3.1.jar ...
2020.08.06 20:39:56 ERROR 	[SUCCESSFUL ] org.scala-lang#scala-library;2.12.10!scala-library.jar (588ms)
2020.08.06 20:39:56 ERROR downloading https://repo1.maven.org/maven2/org/scala-sbt/zinc-compile_2.12/1.3.1/zinc-compile_2.12-1.3.1.jar ...
2020.08.06 20:39:56 ERROR 	[SUCCESSFUL ] com.github.cb372#scalacache-caffeine_2.12;0.20.0!scalacache-caffeine_2.12.jar (125ms)
2020.08.06 20:39:56 ERROR downloading https://repo1.maven.org/maven2/org/scala-sbt/util-relation_2.12/1.3.2/util-relation_2.12-1.3.2.jar ...
2020.08.06 20:39:56 ERROR 	[SUCCESSFUL ] org.apache.logging.log4j#log4j-core;2.11.2!log4j-core.jar (234ms)
2020.08.06 20:39:56 ERROR downloading https://repo1.maven.org/maven2/com/eed3si9n/sjson-new-scalajson_2.12/0.8.2/sjson-new-scalajson_2.12-0.8.2.jar ...
2020.08.06 20:39:56 ERROR 	[SUCCESSFUL ] org.scala-sbt#util-logging_2.12;1.3.2!util-logging_2.12.jar (144ms)
2020.08.06 20:39:56 ERROR downloading https://repo1.maven.org/maven2/org/scala-sbt/util-position_2.12/1.3.2/util-position_2.12-1.3.2.jar ...
2020.08.06 20:39:56 ERROR 	[SUCCESSFUL ] org.scala-sbt#zinc-compile_2.12;1.3.1!zinc-compile_2.12.jar (122ms)
2020.08.06 20:39:56 ERROR downloading https://repo1.maven.org/maven2/com/eed3si9n/shaded-scalajson_2.12/1.0.0-M4/shaded-scalajson_2.12-1.0.0-M4.jar ...
2020.08.06 20:39:56 ERROR 	[SUCCESSFUL ] org.scala-sbt#librarymanagement-core_2.12;1.3.0!librarymanagement-core_2.12.jar (180ms)
2020.08.06 20:39:56 ERROR 	[SUCCESSFUL ] org.scala-sbt#compiler-interface;1.3.1!compiler-interface.jar (142ms)
2020.08.06 20:39:56 ERROR downloading https://repo1.maven.org/maven2/org/spire-math/jawn-parser_2.12/0.10.4/jawn-parser_2.12-0.10.4.jar ...
2020.08.06 20:39:56 ERROR downloading https://repo1.maven.org/maven2/org/scala-sbt/completion_2.12/1.3.4/completion_2.12-1.3.4.jar ...
2020.08.06 20:39:56 ERROR 	[SUCCESSFUL ] org.scala-sbt#util-relation_2.12;1.3.2!util-relation_2.12.jar (124ms)
2020.08.06 20:39:56 ERROR downloading https://repo1.maven.org/maven2/org/scala-sbt/task-system_2.12/1.3.4/task-system_2.12-1.3.4.jar ...
2020.08.06 20:39:56 ERROR 	[SUCCESSFUL ] com.eed3si9n#sjson-new-scalajson_2.12;0.8.2!sjson-new-scalajson_2.12.jar (114ms)
2020.08.06 20:39:56 ERROR downloading https://repo1.maven.org/maven2/org/scala-sbt/tasks_2.12/1.3.4/tasks_2.12-1.3.4.jar ...
2020.08.06 20:39:56 ERROR 	[SUCCESSFUL ] org.scala-sbt#librarymanagement-ivy_2.12;1.3.0!librarymanagement-ivy_2.12.jar (181ms)
2020.08.06 20:39:56 ERROR downloading https://repo1.maven.org/maven2/org/scala-sbt/testing_2.12/1.3.4/testing_2.12-1.3.4.jar ...
2020.08.06 20:39:56 ERROR 	[SUCCESSFUL ] org.scala-sbt#util-position_2.12;1.3.2!util-position_2.12.jar (129ms)
2020.08.06 20:39:56 ERROR downloading https://repo1.maven.org/maven2/org/scala-sbt/util-tracking_2.12/1.3.2/util-tracking_2.12-1.3.2.jar ...
2020.08.06 20:39:56 ERROR 	[SUCCESSFUL ] com.eed3si9n#shaded-scalajson_2.12;1.0.0-M4!shaded-scalajson_2.12.jar (108ms)
2020.08.06 20:39:56 ERROR downloading https://repo1.maven.org/maven2/org/scala-sbt/zinc-classpath_2.12/1.3.1/zinc-classpath_2.12-1.3.1.jar ...
2020.08.06 20:39:56 ERROR 	[SUCCESSFUL ] org.spire-math#jawn-parser_2.12;0.10.4!jawn-parser_2.12.jar (109ms)
2020.08.06 20:39:56 ERROR downloading https://repo1.maven.org/maven2/org/scala-sbt/zinc-apiinfo_2.12/1.3.1/zinc-apiinfo_2.12-1.3.1.jar ...
2020.08.06 20:39:56 ERROR 	[SUCCESSFUL ] org.scala-sbt#completion_2.12;1.3.4!completion_2.12.jar (121ms)
2020.08.06 20:39:56 ERROR downloading https://repo1.maven.org/maven2/org/scala-sbt/zinc_2.12/1.3.1/zinc_2.12-1.3.1.jar ...
2020.08.06 20:39:56 ERROR 	[SUCCESSFUL ] org.scala-sbt#tasks_2.12;1.3.4!tasks_2.12.jar (96ms)
2020.08.06 20:39:56 ERROR downloading https://repo1.maven.org/maven2/jline/jline/2.14.6/jline-2.14.6.jar ...
2020.08.06 20:39:56 ERROR 	[SUCCESSFUL ] org.scala-sbt#task-system_2.12;1.3.4!task-system_2.12.jar (110ms)
2020.08.06 20:39:56 ERROR downloading https://repo1.maven.org/maven2/org/scala-sbt/util-control_2.12/1.3.2/util-control_2.12-1.3.2.jar ...
2020.08.06 20:39:56 ERROR 	[SUCCESSFUL ] org.scala-sbt#testing_2.12;1.3.4!testing_2.12.jar (113ms)
2020.08.06 20:39:56 ERROR downloading https://repo1.maven.org/maven2/com/swoval/file-tree-views/2.1.3/file-tree-views-2.1.3.jar ...
2020.08.06 20:39:56 ERROR 	[SUCCESSFUL ] org.scala-sbt#util-tracking_2.12;1.3.2!util-tracking_2.12.jar (108ms)
2020.08.06 20:39:56 ERROR downloading https://repo1.maven.org/maven2/net/java/dev/jna/jna/4.5.0/jna-4.5.0.jar ...
2020.08.06 20:39:56 ERROR 	[SUCCESSFUL ] org.scala-sbt#zinc-classpath_2.12;1.3.1!zinc-classpath_2.12.jar (109ms)
2020.08.06 20:39:56 ERROR downloading https://repo1.maven.org/maven2/net/java/dev/jna/jna-platform/4.5.0/jna-platform-4.5.0.jar ...
2020.08.06 20:39:56 ERROR 	[SUCCESSFUL ] org.scala-sbt#zinc-apiinfo_2.12;1.3.1!zinc-apiinfo_2.12.jar (114ms)
2020.08.06 20:39:56 ERROR downloading https://repo1.maven.org/maven2/org/scala-sbt/util-interface/1.3.2/util-interface-1.3.2.jar ...
2020.08.06 20:39:56 ERROR 	[SUCCESSFUL ] org.scala-sbt#zinc_2.12;1.3.1!zinc_2.12.jar (110ms)
2020.08.06 20:39:56 ERROR downloading https://repo1.maven.org/maven2/com/eed3si9n/sjson-new-core_2.12/0.8.3/sjson-new-core_2.12-0.8.3.jar ...
2020.08.06 20:39:56 ERROR 	[SUCCESSFUL ] jline#jline;2.14.6!jline.jar (106ms)
2020.08.06 20:39:56 ERROR downloading https://repo1.maven.org/maven2/com/lmax/disruptor/3.4.2/disruptor-3.4.2.jar ...
2020.08.06 20:39:56 ERROR 	[SUCCESSFUL ] org.scala-sbt#util-control_2.12;1.3.2!util-control_2.12.jar (124ms)
2020.08.06 20:39:56 ERROR downloading https://repo1.maven.org/maven2/com/google/protobuf/protobuf-java/3.7.0/protobuf-java-3.7.0.jar ...
2020.08.06 20:39:56 ERROR 	[SUCCESSFUL ] com.swoval#file-tree-views;2.1.3!file-tree-views.jar (134ms)
2020.08.06 20:39:57 ERROR downloading https://repo1.maven.org/maven2/org/scala-sbt/util-cache_2.12/1.3.2/util-cache_2.12-1.3.2.jar ...
2020.08.06 20:39:57 ERROR 	[SUCCESSFUL ] io.get-coursier#lm-coursier-shaded_2.12;2.0.0-RC5-2!lm-coursier-shaded_2.12.jar (504ms)
2020.08.06 20:39:57 ERROR downloading https://repo1.maven.org/maven2/com/eed3si9n/sjson-new-murmurhash_2.12/0.8.3/sjson-new-murmurhash_2.12-0.8.3.jar ...
2020.08.06 20:39:57 ERROR 	[SUCCESSFUL ] org.scala-sbt#util-interface;1.3.2!util-interface.jar (127ms)
2020.08.06 20:39:57 ERROR downloading https://repo1.maven.org/maven2/org/scala-sbt/test-agent/1.3.4/test-agent-1.3.4.jar ...
2020.08.06 20:39:57 ERROR 	[SUCCESSFUL ] com.lmax#disruptor;3.4.2!disruptor.jar (130ms)
2020.08.06 20:39:57 ERROR downloading https://repo1.maven.org/maven2/org/scala-sbt/test-interface/1.0/test-interface-1.0.jar ...
2020.08.06 20:39:57 ERROR 	[SUCCESSFUL ] org.scala-sbt#util-cache_2.12;1.3.2!util-cache_2.12.jar (104ms)
2020.08.06 20:39:57 ERROR downloading https://repo1.maven.org/maven2/org/scala-sbt/compiler-bridge_2.12/1.3.1/compiler-bridge_2.12-1.3.1.jar ...
2020.08.06 20:39:57 ERROR 	[SUCCESSFUL ] com.eed3si9n#sjson-new-murmurhash_2.12;0.8.3!sjson-new-murmurhash_2.12.jar (105ms)
2020.08.06 20:39:57 ERROR downloading https://repo1.maven.org/maven2/org/scala-sbt/zinc-classfile_2.12/1.3.1/zinc-classfile_2.12-1.3.1.jar ...
2020.08.06 20:39:57 ERROR 	[SUCCESSFUL ] org.scala-sbt#test-agent;1.3.4!test-agent.jar (83ms)
2020.08.06 20:39:57 ERROR 	[SUCCESSFUL ] org.scala-sbt#test-interface;1.0!test-interface.jar (72ms)
2020.08.06 20:39:57 ERROR downloading https://repo1.maven.org/maven2/com/jcraft/jsch/0.1.54/jsch-0.1.54.jar ...
2020.08.06 20:39:57 ERROR downloading https://repo1.maven.org/maven2/com/eed3si9n/gigahorse-okhttp_2.12/0.5.0/gigahorse-okhttp_2.12-0.5.0.jar ...
2020.08.06 20:39:57 ERROR 	[SUCCESSFUL ] com.eed3si9n#sjson-new-core_2.12;0.8.3!sjson-new-core_2.12.jar (223ms)
2020.08.06 20:39:57 ERROR downloading https://repo1.maven.org/maven2/com/squareup/okhttp3/okhttp-urlconnection/3.7.0/okhttp-urlconnection-3.7.0.jar ...
2020.08.06 20:39:57 ERROR 	[SUCCESSFUL ] net.java.dev.jna#jna-platform;4.5.0!jna-platform.jar (274ms)
2020.08.06 20:39:57 ERROR downloading https://repo1.maven.org/maven2/com/eed3si9n/gigahorse-core_2.12/0.5.0/gigahorse-core_2.12-0.5.0.jar ...
2020.08.06 20:39:57 ERROR 	[SUCCESSFUL ] org.scala-sbt#zinc-classfile_2.12;1.3.1!zinc-classfile_2.12.jar (101ms)
2020.08.06 20:39:57 ERROR 	[SUCCESSFUL ] org.scala-sbt#compiler-bridge_2.12;1.3.1!compiler-bridge_2.12.jar (105ms)
2020.08.06 20:39:57 ERROR downloading https://repo1.maven.org/maven2/com/squareup/okhttp3/okhttp/3.14.2/okhttp-3.14.2.jar ...
2020.08.06 20:39:57 ERROR downloading https://repo1.maven.org/maven2/com/typesafe/ssl-config-core_2.12/0.4.0/ssl-config-core_2.12-0.4.0.jar ...
2020.08.06 20:39:57 ERROR 	[SUCCESSFUL ] com.google.protobuf#protobuf-java;3.7.0!protobuf-java.jar(bundle) (258ms)
2020.08.06 20:39:57 ERROR downloading https://repo1.maven.org/maven2/org/reactivestreams/reactive-streams/1.0.2/reactive-streams-1.0.2.jar ...
2020.08.06 20:39:57 ERROR 	[SUCCESSFUL ] com.jcraft#jsch;0.1.54!jsch.jar (100ms)
2020.08.06 20:39:57 ERROR downloading https://repo1.maven.org/maven2/org/slf4j/slf4j-api/1.7.26/slf4j-api-1.7.26.jar ...
2020.08.06 20:39:57 ERROR 	[SUCCESSFUL ] com.eed3si9n#gigahorse-okhttp_2.12;0.5.0!gigahorse-okhttp_2.12.jar (101ms)
2020.08.06 20:39:57 ERROR downloading https://repo1.maven.org/maven2/org/scala-lang/modules/scala-parser-combinators_2.12/1.1.2/scala-parser-combinators_2.12-1.1.2.jar ...
2020.08.06 20:39:57 ERROR 	[SUCCESSFUL ] com.squareup.okhttp3#okhttp-urlconnection;3.7.0!okhttp-urlconnection.jar (104ms)
2020.08.06 20:39:57 ERROR downloading https://repo1.maven.org/maven2/com/typesafe/config/1.3.3/config-1.3.3.jar ...
2020.08.06 20:39:57 ERROR 	[SUCCESSFUL ] com.eed3si9n#gigahorse-core_2.12;0.5.0!gigahorse-core_2.12.jar (93ms)
2020.08.06 20:39:57 ERROR downloading https://repo1.maven.org/maven2/com/squareup/okio/okio/1.17.2/okio-1.17.2.jar ...
2020.08.06 20:39:57 ERROR 	[SUCCESSFUL ] com.typesafe#ssl-config-core_2.12;0.4.0!ssl-config-core_2.12.jar(bundle) (95ms)
2020.08.06 20:39:57 ERROR downloading https://repo1.maven.org/maven2/org/scala-sbt/zinc-core_2.12/1.3.1/zinc-core_2.12-1.3.1.jar ...
2020.08.06 20:39:57 ERROR 	[SUCCESSFUL ] com.squareup.okhttp3#okhttp;3.14.2!okhttp.jar (109ms)
2020.08.06 20:39:57 ERROR downloading https://repo1.maven.org/maven2/org/scala-sbt/zinc-persist_2.12/1.3.1/zinc-persist_2.12-1.3.1.jar ...
2020.08.06 20:39:57 ERROR 	[SUCCESSFUL ] org.reactivestreams#reactive-streams;1.0.2!reactive-streams.jar (91ms)
2020.08.06 20:39:57 ERROR downloading https://repo1.maven.org/maven2/org/scala-sbt/zinc-compile-core_2.12/1.3.1/zinc-compile-core_2.12-1.3.1.jar ...
2020.08.06 20:39:57 ERROR 	[SUCCESSFUL ] org.slf4j#slf4j-api;1.7.26!slf4j-api.jar (91ms)
2020.08.06 20:39:57 ERROR downloading https://repo1.maven.org/maven2/com/trueaccord/scalapb/scalapb-runtime_2.12/0.6.0/scalapb-runtime_2.12-0.6.0.jar ...
2020.08.06 20:39:57 ERROR 	[SUCCESSFUL ] org.scala-lang.modules#scala-parser-combinators_2.12;1.1.2!scala-parser-combinators_2.12.jar(bundle) (114ms)
2020.08.06 20:39:57 ERROR downloading https://repo1.maven.org/maven2/com/trueaccord/lenses/lenses_2.12/0.4.12/lenses_2.12-0.4.12.jar ...
2020.08.06 20:39:57 ERROR 	[SUCCESSFUL ] com.typesafe#config;1.3.3!config.jar(bundle) (98ms)
2020.08.06 20:39:57 ERROR downloading https://repo1.maven.org/maven2/com/lihaoyi/fastparse_2.12/0.4.2/fastparse_2.12-0.4.2.jar ...
2020.08.06 20:39:57 ERROR 	[SUCCESSFUL ] com.squareup.okio#okio;1.17.2!okio.jar (89ms)
2020.08.06 20:39:57 ERROR downloading https://repo1.maven.org/maven2/com/lihaoyi/fastparse-utils_2.12/0.4.2/fastparse-utils_2.12-0.4.2.jar ...
2020.08.06 20:39:57 ERROR 	[SUCCESSFUL ] net.java.dev.jna#jna;4.5.0!jna.jar (515ms)
2020.08.06 20:39:57 ERROR downloading https://repo1.maven.org/maven2/com/lihaoyi/sourcecode_2.12/0.1.3/sourcecode_2.12-0.1.3.jar ...
2020.08.06 20:39:57 ERROR 	[SUCCESSFUL ] org.scala-sbt#zinc-core_2.12;1.3.1!zinc-core_2.12.jar (103ms)
2020.08.06 20:39:57 ERROR downloading https://repo1.maven.org/maven2/org/scala-sbt/sbinary_2.12/0.5.0/sbinary_2.12-0.5.0.jar ...
2020.08.06 20:39:57 ERROR 	[SUCCESSFUL ] org.scala-sbt#zinc-compile-core_2.12;1.3.1!zinc-compile-core_2.12.jar (110ms)
2020.08.06 20:39:57 ERROR downloading https://repo1.maven.org/maven2/org/scala-sbt/core-macros_2.12/1.3.4/core-macros_2.12-1.3.4.jar ...
2020.08.06 20:39:57 ERROR 	[SUCCESSFUL ] com.trueaccord.lenses#lenses_2.12;0.4.12!lenses_2.12.jar (101ms)
2020.08.06 20:39:57 ERROR downloading https://repo1.maven.org/maven2/org/scala-sbt/protocol_2.12/1.3.4/protocol_2.12-1.3.4.jar ...
2020.08.06 20:39:57 ERROR 	[SUCCESSFUL ] com.lihaoyi#fastparse_2.12;0.4.2!fastparse_2.12.jar (104ms)
2020.08.06 20:39:57 ERROR downloading https://repo1.maven.org/maven2/org/scala-sbt/template-resolver/0.1/template-resolver-0.1.jar ...
2020.08.06 20:39:57 ERROR 	[SUCCESSFUL ] com.lihaoyi#fastparse-utils_2.12;0.4.2!fastparse-utils_2.12.jar (106ms)
2020.08.06 20:39:57 ERROR 	[SUCCESSFUL ] com.lihaoyi#sourcecode_2.12;0.1.3!sourcecode_2.12.jar (96ms)
2020.08.06 20:39:57 ERROR downloading https://repo1.maven.org/maven2/org/scala-lang/scala-compiler/2.12.10/scala-compiler-2.12.10.jar ...
2020.08.06 20:39:57 ERROR downloading https://repo1.maven.org/maven2/org/scala-sbt/ipcsocket/ipcsocket/1.0.0/ipcsocket-1.0.0.jar ...
2020.08.06 20:39:57 ERROR 	[SUCCESSFUL ] org.scala-sbt#sbinary_2.12;0.5.0!sbinary_2.12.jar (103ms)
2020.08.06 20:39:57 ERROR downloading https://repo1.maven.org/maven2/org/scala-lang/scala-reflect/2.12.10/scala-reflect-2.12.10.jar ...
2020.08.06 20:39:57 ERROR 	[SUCCESSFUL ] org.scala-sbt#core-macros_2.12;1.3.4!core-macros_2.12.jar (113ms)
2020.08.06 20:39:57 ERROR downloading https://repo1.maven.org/maven2/org/scala-sbt/util-scripted_2.12/1.3.2/util-scripted_2.12-1.3.2.jar ...
2020.08.06 20:39:57 ERROR 	[SUCCESSFUL ] org.scala-sbt#template-resolver;0.1!template-resolver.jar (128ms)
2020.08.06 20:39:57 ERROR downloading https://repo1.maven.org/maven2/com/github/cb372/scalacache-core_2.12/0.20.0/scalacache-core_2.12-0.20.0.jar ...
2020.08.06 20:39:57 ERROR 	[SUCCESSFUL ] org.scala-sbt.ipcsocket#ipcsocket;1.0.0!ipcsocket.jar (147ms)
2020.08.06 20:39:57 ERROR downloading https://repo1.maven.org/maven2/com/github/ben-manes/caffeine/caffeine/2.5.6/caffeine-2.5.6.jar ...
2020.08.06 20:39:57 ERROR 	[SUCCESSFUL ] org.scala-sbt#protocol_2.12;1.3.4!protocol_2.12.jar (173ms)
2020.08.06 20:39:57 ERROR downloading https://repo1.maven.org/maven2/org/scala-sbt/ivy/ivy/2.3.0-sbt-cb9cc189e9f3af519f9f102e6c5d446488ff6832/ivy-2.3.0-sbt-cb9cc189e9f3af519f9f102e6c5d446488ff6832.jar ...
2020.08.06 20:39:57 ERROR 	[SUCCESSFUL ] com.trueaccord.scalapb#scalapb-runtime_2.12;0.6.0!scalapb-runtime_2.12.jar (359ms)
2020.08.06 20:39:57 ERROR 	[SUCCESSFUL ] org.scala-sbt#util-scripted_2.12;1.3.2!util-scripted_2.12.jar (183ms)
2020.08.06 20:39:57 ERROR 	[SUCCESSFUL ] com.github.cb372#scalacache-core_2.12;0.20.0!scalacache-core_2.12.jar (158ms)
2020.08.06 20:39:57 ERROR 	[SUCCESSFUL ] org.scala-sbt#zinc-persist_2.12;1.3.1!zinc-persist_2.12.jar (456ms)
2020.08.06 20:39:57 ERROR 	[SUCCESSFUL ] org.scala-sbt.ivy#ivy;2.3.0-sbt-cb9cc189e9f3af519f9f102e6c5d446488ff6832!ivy.jar (273ms)
2020.08.06 20:39:57 ERROR 	[SUCCESSFUL ] com.github.ben-manes.caffeine#caffeine;2.5.6!caffeine.jar (285ms)
2020.08.06 20:39:57 ERROR 	[SUCCESSFUL ] org.scala-lang#scala-reflect;2.12.10!scala-reflect.jar (416ms)
2020.08.06 20:39:58 ERROR 	[SUCCESSFUL ] org.scala-lang#scala-compiler;2.12.10!scala-compiler.jar (851ms)
2020.08.06 20:39:58 ERROR :: retrieving :: org.scala-sbt#boot-app
2020.08.06 20:39:58 ERROR 	confs: [default]
2020.08.06 20:39:58 ERROR 	81 artifacts copied, 0 already retrieved
2020.08.06 20:39:58 ERROR [info] [launcher] getting Scala 2.12.10 (for sbt)...
2020.08.06 20:40:01 ERROR downloading https://repo1.maven.org/maven2/org/scala-lang/modules/scala-xml_2.12/1.0.6/scala-xml_2.12-1.0.6.jar ...
2020.08.06 20:40:01 ERROR downloading https://repo1.maven.org/maven2/org/fusesource/jansi/jansi/1.12/jansi-1.12.jar ...
2020.08.06 20:40:01 ERROR 	[SUCCESSFUL ] org.fusesource.jansi#jansi;1.12!jansi.jar (108ms)
2020.08.06 20:40:01 ERROR 	[SUCCESSFUL ] org.scala-lang.modules#scala-xml_2.12;1.0.6!scala-xml_2.12.jar(bundle) (112ms)
2020.08.06 20:40:01 ERROR :: retrieving :: org.scala-sbt#boot-scala
2020.08.06 20:40:01 ERROR 	confs: [default]
2020.08.06 20:40:01 ERROR 	6 artifacts copied, 0 already retrieved
2020.08.06 20:40:08 INFO  [info] Loading settings for project play-samples-play-scala-hello-world-tutorial-build from plugins.sbt,metals.sbt,scaffold.sbt ...
2020.08.06 20:40:08 INFO  [info] Loading project definition from /Users/hidenobumochigase/play-samples-play-scala-hello-world-tutorial/project
2020.08.06 20:40:18 INFO  [warn] There may be incompatibilities among your library dependencies; run 'evicted' to see detailed eviction warnings.
2020.08.06 20:40:21 INFO  [info] Loading settings for project root from build.sbt ...
2020.08.06 20:40:21 INFO  [info] Set current project to play-scala-hello-world-tutorial (in build file:/Users/hidenobumochigase/play-samples-play-scala-hello-world-tutorial/)
2020.08.06 20:40:30 INFO  [warn] There may be incompatibilities among your library dependencies; run 'evicted' to see detailed eviction warnings.
2020.08.06 20:40:32 INFO  [warn] There may be incompatibilities among your library dependencies; run 'evicted' to see detailed eviction warnings.
2020.08.06 20:40:32 INFO  [success] Generated .bloop/root.json
2020.08.06 20:40:32 INFO  [success] Generated .bloop/root-test.json
2020.08.06 20:40:32 INFO  [success] Total time: 9 s, completed 2020/08/06 20:40:33
2020.08.06 20:40:32 INFO  build tool exit: 0
2020.08.06 20:40:33 INFO  time: ran 'sbt bloopInstall' in 1m4s
Starting the bsp launcher for bloop...
Opening a bsp server connection with 'bsp --protocol local --socket /var/folders/_f/jc9h1sv54wj9jwcgz5pyljt40000gp/T/bsp-launcher17243434199402704013/bsp.socket'...
Waiting for the bsp connection to come up...
Waiting for the bsp connection to come up...
Waiting for the bsp connection to come up...
Waiting for the bsp connection to come up...
Waiting for the bsp connection to come up...
Waiting for the bsp connection to come up...
Waiting for the bsp connection to come up...
No server running at 127.0.0.1:8212, let's fire one...
Resolving ch.epfl.scala:bloop-frontend_2.12:1.4.3...
Starting bloop server at 127.0.0.1:8212...
Attempting a connection to the server...
Attempting a connection to the server...
Attempting a connection to the server...
Attempting a connection to the server...
Attempting a connection to the server...
Attempting a connection to the server...
Attempting a connection to the server...
[0m[32m[D][0m Loading 2 projects from '/Users/hidenobumochigase/play-samples-play-scala-hello-world-tutorial/.bloop'...
[0m[32m[D][0m Loading project from '/Users/hidenobumochigase/play-samples-play-scala-hello-world-tutorial/.bloop/root-test.json'
[0m[32m[D][0m Loading project from '/Users/hidenobumochigase/play-samples-play-scala-hello-world-tutorial/.bloop/root.json'
[0m[32m[D][0m Cache miss for scala instance org.scala-lang:scala-compiler:2.13.1.
[0m[32m[D][0m   => /Users/hidenobumochigase/Library/Caches/Coursier/v1/https/repo1.maven.org/maven2/jline/jline/2.14.6/jline-2.14.6.jar
[0m[32m[D][0m   => /Users/hidenobumochigase/Library/Caches/Coursier/v1/https/repo1.maven.org/maven2/org/fusesource/jansi/jansi/1.12/jansi-1.12.jar
[0m[32m[D][0m   => /Users/hidenobumochigase/Library/Caches/Coursier/v1/https/repo1.maven.org/maven2/org/scala-lang/scala-compiler/2.13.1/scala-compiler-2.13.1.jar
[0m[32m[D][0m   => /Users/hidenobumochigase/Library/Caches/Coursier/v1/https/repo1.maven.org/maven2/org/scala-lang/scala-library/2.13.1/scala-library-2.13.1.jar
[0m[32m[D][0m   => /Users/hidenobumochigase/Library/Caches/Coursier/v1/https/repo1.maven.org/maven2/org/scala-lang/scala-reflect/2.13.1/scala-reflect-2.13.1.jar
[0m[32m[D][0m Missing analysis file for project 'root-test'
[0m[32m[D][0m Missing analysis file for project 'root'
[0m[32m[D][0m Waiting for a connection at local:///var/folders/_f/jc9h1sv54wj9jwcgz5pyljt40000gp/T/bsp-launcher17243434199402704013/bsp.socket...
The server is listening for incoming connections at local:///var/folders/_f/jc9h1sv54wj9jwcgz5pyljt40000gp/T/bsp-launcher17243434199402704013/bsp.socket...
Starting thread that pumps stdin and redirects it to the bsp server...
Starting thread that pumps server stdout and redirects it to the client stdout...
2020.08.06 20:40:40 INFO  tracing is disabled for protocol BSP, to enable tracing of incoming and outgoing JSON messages create an empty file at /Users/hidenobumochigase/Library/Caches/org.scalameta.metals/bsp.trace.json
2020.08.06 20:40:42 INFO  time: connected to build server in 9.08s
2020.08.06 20:40:42 INFO  Connected to Build server v1.4.3
2020.08.06 20:40:42 INFO  time: imported build in 0.13s
2020.08.06 20:40:49 INFO  time: indexed workspace in 6.41s
2020.08.06 20:42:54 INFO  compiling root (10 scala sources and 1 java source)
2020.08.06 20:43:11 INFO  time: compiled root in 16s
2020.08.06 20:47:49 INFO  shutting down Metals
No more data in the client stdin, exiting...
No more data in the server stdin, exiting...
No more data in the server stdin, exiting...
2020.08.06 20:48:26 INFO  started: Metals version 0.9.2 in workspace '/Users/hidenobumochigase/play-samples-play-scala-hello-world-tutorial' for client vscode.
2020.08.06 20:48:27 INFO  time: initialize in 1.21s
Starting the bsp launcher for bloop...
Opening a bsp server connection with 'bsp --protocol local --socket /var/folders/_f/jc9h1sv54wj9jwcgz5pyljt40000gp/T/bsp-launcher3954476373371996574/bsp.socket'...
Waiting for the bsp connection to come up...
2020.08.06 20:48:28 INFO  no build target: using presentation compiler with only scala-library
2020.08.06 20:48:28 INFO  skipping build import with status 'Installed'
[0m[32m[D][0m Loading workspace settings from bloop.settings.json
[0m[32m[D][0m Waiting for a connection at local:///var/folders/_f/jc9h1sv54wj9jwcgz5pyljt40000gp/T/bsp-launcher3954476373371996574/bsp.socket...
The server is listening for incoming connections at local:///var/folders/_f/jc9h1sv54wj9jwcgz5pyljt40000gp/T/bsp-launcher3954476373371996574/bsp.socket...
Starting thread that pumps stdin and redirects it to the bsp server...
Starting thread that pumps server stdout and redirects it to the client stdout...
2020.08.06 20:48:28 INFO  tracing is disabled for protocol BSP, to enable tracing of incoming and outgoing JSON messages create an empty file at /Users/hidenobumochigase/Library/Caches/org.scalameta.metals/bsp.trace.json
2020.08.06 20:48:28 INFO  time: connected to build server in 0.45s
2020.08.06 20:48:28 INFO  Connected to Build server v1.4.3
2020.08.06 20:48:34 INFO  time: indexed workspace in 6.29s
2020.08.11 12:51:06 INFO  started: Metals version 0.9.2 in workspace '/Users/hidenobumochigase/play-samples-play-scala-hello-world-tutorial' for client vscode.
2020.08.11 12:51:08 INFO  time: initialize in 1.98s
Starting the bsp launcher for bloop...
Opening a bsp server connection with 'bsp --protocol local --socket /var/folders/_f/jc9h1sv54wj9jwcgz5pyljt40000gp/T/bsp-launcher3393652112690495034/bsp.socket'...
Waiting for the bsp connection to come up...
2020.08.11 12:51:13 INFO  no build target: using presentation compiler with only scala-library
2020.08.11 12:51:13 INFO  skipping build import with status 'Installed'
Waiting for the bsp connection to come up...
Waiting for the bsp connection to come up...
Waiting for the bsp connection to come up...
Waiting for the bsp connection to come up...
2020.08.11 12:51:18 WARN  no build target for: /Users/hidenobumochigase/play-samples-play-scala-hello-world-tutorial/app/controllers/HomeController.scala
Waiting for the bsp connection to come up...
No server running at 127.0.0.1:8212, let's fire one...
Resolving ch.epfl.scala:bloop-frontend_2.12:1.4.3...
Starting bloop server at 127.0.0.1:8212...
Attempting a connection to the server...
Attempting a connection to the server...
Attempting a connection to the server...
Attempting a connection to the server...
Attempting a connection to the server...
Attempting a connection to the server...
Attempting a connection to the server...
Attempting a connection to the server...
Attempting a connection to the server...
Attempting a connection to the server...
Attempting a connection to the server...
Attempting a connection to the server...
[0m[32m[D][0m Loading workspace settings from bloop.settings.json
[0m[32m[D][0m Loading 2 projects from '/Users/hidenobumochigase/play-samples-play-scala-hello-world-tutorial/.bloop'...
[0m[32m[D][0m Loading project from '/Users/hidenobumochigase/play-samples-play-scala-hello-world-tutorial/.bloop/root-test.json'
[0m[32m[D][0m Loading project from '/Users/hidenobumochigase/play-samples-play-scala-hello-world-tutorial/.bloop/root.json'
[0m[32m[D][0m Cache miss for scala instance org.scala-lang:scala-compiler:2.13.1.
[0m[32m[D][0m   => /Users/hidenobumochigase/Library/Caches/Coursier/v1/https/repo1.maven.org/maven2/jline/jline/2.14.6/jline-2.14.6.jar
[0m[32m[D][0m   => /Users/hidenobumochigase/Library/Caches/Coursier/v1/https/repo1.maven.org/maven2/org/fusesource/jansi/jansi/1.12/jansi-1.12.jar
[0m[32m[D][0m   => /Users/hidenobumochigase/Library/Caches/Coursier/v1/https/repo1.maven.org/maven2/org/scala-lang/scala-compiler/2.13.1/scala-compiler-2.13.1.jar
[0m[32m[D][0m   => /Users/hidenobumochigase/Library/Caches/Coursier/v1/https/repo1.maven.org/maven2/org/scala-lang/scala-library/2.13.1/scala-library-2.13.1.jar
[0m[32m[D][0m   => /Users/hidenobumochigase/Library/Caches/Coursier/v1/https/repo1.maven.org/maven2/org/scala-lang/scala-reflect/2.13.1/scala-reflect-2.13.1.jar
[0m[32m[D][0m Configured SemanticDB in projects 'root', 'root-test'
[0m[32m[D][0m Missing analysis file for project 'root-test'
[0m[32m[D][0m Loading previous analysis for 'root' from '/Users/hidenobumochigase/play-samples-play-scala-hello-world-tutorial/target/streams/compile/bloopAnalysisOut/_global/streams/inc_compile_2.13.zip'.
[0m[32m[D][0m Waiting for a connection at local:///var/folders/_f/jc9h1sv54wj9jwcgz5pyljt40000gp/T/bsp-launcher3393652112690495034/bsp.socket...
The server is listening for incoming connections at local:///var/folders/_f/jc9h1sv54wj9jwcgz5pyljt40000gp/T/bsp-launcher3393652112690495034/bsp.socket...
Starting thread that pumps stdin and redirects it to the bsp server...
Starting thread that pumps server stdout and redirects it to the client stdout...
2020.08.11 12:51:20 INFO  tracing is disabled for protocol BSP, to enable tracing of incoming and outgoing JSON messages create an empty file at /Users/hidenobumochigase/Library/Caches/org.scalameta.metals/bsp.trace.json
2020.08.11 12:51:20 INFO  time: connected to build server in 7.32s
2020.08.11 12:51:20 INFO  Connected to Build server v1.4.3
2020.08.11 12:51:20 INFO  time: imported build in 0.3s
2020.08.11 12:51:25 INFO  shutting down Metals
No more data in the client stdin, exiting...
No more data in the server stdin, exiting...
No more data in the server stdin, exiting...
2020.08.12 16:48:30 INFO  started: Metals version 0.9.2 in workspace '/Users/hidenobumochigase/play-samples-play-scala-hello-world-tutorial' for client vscode.
2020.08.12 16:48:31 INFO  time: initialize in 1.04s
Starting the bsp launcher for bloop...
Opening a bsp server connection with 'bsp --protocol local --socket /var/folders/_f/jc9h1sv54wj9jwcgz5pyljt40000gp/T/bsp-launcher7037708756765676393/bsp.socket'...
Waiting for the bsp connection to come up...
2020.08.12 16:48:31 INFO  no build target: using presentation compiler with only scala-library
2020.08.12 16:48:32 INFO  skipping build import with status 'Installed'
[0m[32m[D][0m Loading workspace settings from bloop.settings.json
[0m[32m[D][0m Waiting for a connection at local:///var/folders/_f/jc9h1sv54wj9jwcgz5pyljt40000gp/T/bsp-launcher7037708756765676393/bsp.socket...
The server is listening for incoming connections at local:///var/folders/_f/jc9h1sv54wj9jwcgz5pyljt40000gp/T/bsp-launcher7037708756765676393/bsp.socket...
Starting thread that pumps stdin and redirects it to the bsp server...
Starting thread that pumps server stdout and redirects it to the client stdout...
2020.08.12 16:48:32 INFO  tracing is disabled for protocol BSP, to enable tracing of incoming and outgoing JSON messages create an empty file at /Users/hidenobumochigase/Library/Caches/org.scalameta.metals/bsp.trace.json
2020.08.12 16:48:32 INFO  time: connected to build server in 0.93s
2020.08.12 16:48:32 INFO  Connected to Build server v1.4.3
2020.08.12 16:48:32 INFO  time: imported build in 0.14s
2020.08.12 16:48:36 INFO  compiling root (10 scala sources and 1 java source)
2020.08.12 16:48:38 INFO  time: indexed workspace in 5.2s
2020.08.12 16:48:41 INFO  Deduplicating compilation of root from bsp client 'Metals 0.9.2' (since 9.092s)
2020.08.12 16:48:41 INFO  compiling root (10 scala sources and 1 java source)
2020.08.12 16:48:44 INFO  time: compiled root in 2.83s
2020.08.12 16:51:26 INFO  shutting down Metals
No more data in the client stdin, exiting...
No more data in the server stdin, exiting...
No more data in the server stdin, exiting...
2020.08.12 16:51:48 INFO  started: Metals version 0.9.2 in workspace '/Users/hidenobumochigase/play-samples-play-scala-hello-world-tutorial' for client vscode.
2020.08.12 16:51:49 INFO  time: initialize in 1.04s
Starting the bsp launcher for bloop...
Opening a bsp server connection with 'bsp --protocol local --socket /var/folders/_f/jc9h1sv54wj9jwcgz5pyljt40000gp/T/bsp-launcher2784807587705097601/bsp.socket'...
Waiting for the bsp connection to come up...
2020.08.12 16:51:49 INFO  skipping build import with status 'Installed'
[0m[32m[D][0m Loading workspace settings from bloop.settings.json
[0m[32m[D][0m Waiting for a connection at local:///var/folders/_f/jc9h1sv54wj9jwcgz5pyljt40000gp/T/bsp-launcher2784807587705097601/bsp.socket...
The server is listening for incoming connections at local:///var/folders/_f/jc9h1sv54wj9jwcgz5pyljt40000gp/T/bsp-launcher2784807587705097601/bsp.socket...
Starting thread that pumps stdin and redirects it to the bsp server...
Starting thread that pumps server stdout and redirects it to the client stdout...
2020.08.12 16:51:50 INFO  tracing is disabled for protocol BSP, to enable tracing of incoming and outgoing JSON messages create an empty file at /Users/hidenobumochigase/Library/Caches/org.scalameta.metals/bsp.trace.json
2020.08.12 16:51:50 INFO  time: connected to build server in 0.4s
2020.08.12 16:51:50 INFO  Connected to Build server v1.4.3
2020.08.12 16:51:53 INFO  time: indexed workspace in 2.92s
2020.08.12 16:59:59 INFO  shutting down Metals
No more data in the client stdin, exiting...
No more data in the server stdin, exiting...
No more data in the server stdin, exiting...
2020.08.12 17:00:16 INFO  started: Metals version 0.9.2 in workspace '/Users/hidenobumochigase/play-samples-play-scala-hello-world-tutorial' for client vscode.
2020.08.12 17:00:17 INFO  time: initialize in 1.07s
Starting the bsp launcher for bloop...
Opening a bsp server connection with 'bsp --protocol local --socket /var/folders/_f/jc9h1sv54wj9jwcgz5pyljt40000gp/T/bsp-launcher2271462867773653511/bsp.socket'...
Waiting for the bsp connection to come up...
2020.08.12 17:00:18 INFO  no build target: using presentation compiler with only scala-library
2020.08.12 17:00:18 INFO  skipping build import with status 'Installed'
[0m[32m[D][0m Loading workspace settings from bloop.settings.json
[0m[32m[D][0m Waiting for a connection at local:///var/folders/_f/jc9h1sv54wj9jwcgz5pyljt40000gp/T/bsp-launcher2271462867773653511/bsp.socket...
The server is listening for incoming connections at local:///var/folders/_f/jc9h1sv54wj9jwcgz5pyljt40000gp/T/bsp-launcher2271462867773653511/bsp.socket...
Starting thread that pumps stdin and redirects it to the bsp server...
Starting thread that pumps server stdout and redirects it to the client stdout...
2020.08.12 17:00:18 INFO  tracing is disabled for protocol BSP, to enable tracing of incoming and outgoing JSON messages create an empty file at /Users/hidenobumochigase/Library/Caches/org.scalameta.metals/bsp.trace.json
2020.08.12 17:00:18 INFO  time: connected to build server in 0.31s
2020.08.12 17:00:18 INFO  Connected to Build server v1.4.3
2020.08.12 17:00:22 INFO  time: indexed workspace in 4.25s
2020.08.12 17:01:56 INFO  shutting down Metals
No more data in the client stdin, exiting...
2020.08.12 17:02:08 INFO  started: Metals version 0.9.2 in workspace '/Users/hidenobumochigase/play-samples-play-scala-hello-world-tutorial' for client vscode.
2020.08.12 17:02:10 INFO  time: initialize in 1.6s
Starting the bsp launcher for bloop...
Opening a bsp server connection with 'bsp --protocol local --socket /var/folders/_f/jc9h1sv54wj9jwcgz5pyljt40000gp/T/bsp-launcher2260156599116741058/bsp.socket'...
Waiting for the bsp connection to come up...
2020.08.12 17:02:10 INFO  no build target: using presentation compiler with only scala-library
[0m[32m[D][0m Loading workspace settings from bloop.settings.json
[0m[32m[D][0m Waiting for a connection at local:///var/folders/_f/jc9h1sv54wj9jwcgz5pyljt40000gp/T/bsp-launcher2260156599116741058/bsp.socket...
The server is listening for incoming connections at local:///var/folders/_f/jc9h1sv54wj9jwcgz5pyljt40000gp/T/bsp-launcher2260156599116741058/bsp.socket...
2020.08.12 17:02:10 INFO  skipping build import with status 'Installed'
Starting thread that pumps stdin and redirects it to the bsp server...
Starting thread that pumps server stdout and redirects it to the client stdout...
2020.08.12 17:02:11 INFO  tracing is disabled for protocol BSP, to enable tracing of incoming and outgoing JSON messages create an empty file at /Users/hidenobumochigase/Library/Caches/org.scalameta.metals/bsp.trace.json
2020.08.12 17:02:11 INFO  time: connected to build server in 0.46s
2020.08.12 17:02:11 INFO  Connected to Build server v1.4.3
2020.08.12 17:02:17 INFO  time: indexed workspace in 6.45s
2020.08.12 17:20:47 INFO  compiling root (1 scala source)
2020.08.12 17:20:49 INFO  time: compiled root in 2.04s
2020.08.12 17:48:03 INFO  compiling root (1 scala source)
2020.08.12 17:48:03 INFO  /Users/hidenobumochigase/play-samples-play-scala-hello-world-tutorial/app/controllers/HomeController.scala:34:3: stale bloop error: illegal character '\u3000'
  　Ok(views.html.hello())
  ^
2020.08.12 17:48:03 INFO  /Users/hidenobumochigase/play-samples-play-scala-hello-world-tutorial/app/controllers/HomeController.scala:34:3: stale bloop error: illegal character '\u3000'
  　Ok(views.html.hello())
  ^
2020.08.12 17:48:03 INFO  /Users/hidenobumochigase/play-samples-play-scala-hello-world-tutorial/app/controllers/HomeController.scala:35:1: stale bloop error: illegal character '\u3000'
　}
^
2020.08.12 17:48:03 INFO  time: compiled root in 0.73s
2020.08.12 17:49:17 INFO  /Users/hidenobumochigase/play-samples-play-scala-hello-world-tutorial/app/controllers/HomeController.scala:34:3: stale bloop error: illegal character '\u3000'
  　Ok(views.html.hello())
  ^
2020.08.12 17:49:17 INFO  /Users/hidenobumochigase/play-samples-play-scala-hello-world-tutorial/app/controllers/HomeController.scala:35:1: stale bloop error: illegal character '\u3000'
　}
^
2020.08.12 17:49:24 INFO  /Users/hidenobumochigase/play-samples-play-scala-hello-world-tutorial/app/controllers/HomeController.scala:34:3: stale bloop error: illegal character '\u3000'
  　Ok(views.html.hello())
  ^
2020.08.12 17:49:24 INFO  /Users/hidenobumochigase/play-samples-play-scala-hello-world-tutorial/app/controllers/HomeController.scala:35:1: stale bloop error: illegal character '\u3000'
　}
^
2020.08.12 17:49:24 INFO  compiling root (1 scala source)
2020.08.12 17:49:24 INFO  /Users/hidenobumochigase/play-samples-play-scala-hello-world-tutorial/app/controllers/HomeController.scala:34:3: stale bloop error: illegal character '\u3000'
  　Ok(views.html.hello())
  ^
2020.08.12 17:49:24 INFO  /Users/hidenobumochigase/play-samples-play-scala-hello-world-tutorial/app/controllers/HomeController.scala:34:3: stale bloop error: illegal character '\u3000'
  　Ok(views.html.hello())
  ^
2020.08.12 17:49:24 INFO  /Users/hidenobumochigase/play-samples-play-scala-hello-world-tutorial/app/controllers/HomeController.scala:35:1: stale bloop error: illegal character '\u3000'
　}
^
2020.08.12 17:49:24 INFO  time: compiled root in 0.2s
2020.08.12 17:50:26 INFO  compiling root (11 scala sources and 1 java source)
2020.08.12 17:50:26 INFO  /Users/hidenobumochigase/play-samples-play-scala-hello-world-tutorial/app/controllers/HomeController.scala:34:3: stale bloop error: illegal character '\u3000'
  　Ok(views.html.hello())
  ^
2020.08.12 17:50:26 INFO  /Users/hidenobumochigase/play-samples-play-scala-hello-world-tutorial/app/controllers/HomeController.scala:34:3: stale bloop error: illegal character '\u3000'
  　Ok(views.html.hello())
  ^
2020.08.12 17:50:26 INFO  /Users/hidenobumochigase/play-samples-play-scala-hello-world-tutorial/app/controllers/HomeController.scala:35:1: stale bloop error: illegal character '\u3000'
　}
^
2020.08.12 17:50:26 INFO  time: compiled root in 0.4s
2020.08.12 17:52:44 INFO  shutting down Metals
No more data in the client stdin, exiting...
No more data in the server stdin, exiting...
No more data in the server stdin, exiting...
2020.08.12 17:53:02 INFO  started: Metals version 0.9.2 in workspace '/Users/hidenobumochigase/play-samples-play-scala-hello-world-tutorial' for client vscode.
2020.08.12 17:53:04 INFO  time: initialize in 1.52s
Starting the bsp launcher for bloop...
Opening a bsp server connection with 'bsp --protocol local --socket /var/folders/_f/jc9h1sv54wj9jwcgz5pyljt40000gp/T/bsp-launcher10301264859633933221/bsp.socket'...
Waiting for the bsp connection to come up...
2020.08.12 17:53:04 INFO  no build target: using presentation compiler with only scala-library
2020.08.12 17:53:04 INFO  skipping build import with status 'Installed'
[0m[32m[D][0m Loading workspace settings from bloop.settings.json
[0m[32m[D][0m Waiting for a connection at local:///var/folders/_f/jc9h1sv54wj9jwcgz5pyljt40000gp/T/bsp-launcher10301264859633933221/bsp.socket...
The server is listening for incoming connections at local:///var/folders/_f/jc9h1sv54wj9jwcgz5pyljt40000gp/T/bsp-launcher10301264859633933221/bsp.socket...
Starting thread that pumps stdin and redirects it to the bsp server...
Starting thread that pumps server stdout and redirects it to the client stdout...
2020.08.12 17:53:05 INFO  tracing is disabled for protocol BSP, to enable tracing of incoming and outgoing JSON messages create an empty file at /Users/hidenobumochigase/Library/Caches/org.scalameta.metals/bsp.trace.json
2020.08.12 17:53:05 INFO  time: connected to build server in 0.68s
2020.08.12 17:53:05 INFO  Connected to Build server v1.4.3
2020.08.12 17:53:05 INFO  time: imported build in 0.18s
2020.08.12 17:53:09 INFO  compiling root (11 scala sources and 1 java source)
2020.08.12 17:53:10 INFO  /Users/hidenobumochigase/play-samples-play-scala-hello-world-tutorial/app/controllers/HomeController.scala:34:3: stale bloop error: illegal character '\u3000'
  　Ok(views.html.hello())
  ^
2020.08.12 17:53:10 INFO  /Users/hidenobumochigase/play-samples-play-scala-hello-world-tutorial/app/controllers/HomeController.scala:34:3: stale bloop error: illegal character '\u3000'
  　Ok(views.html.hello())
  ^
2020.08.12 17:53:10 INFO  /Users/hidenobumochigase/play-samples-play-scala-hello-world-tutorial/app/controllers/HomeController.scala:35:1: stale bloop error: illegal character '\u3000'
　}
^
2020.08.12 17:53:10 INFO  time: compiled root in 1.53s
8月 12, 2020 5:53:11 午後 org.eclipse.lsp4j.jsonrpc.RemoteEndpoint handleCancellation
警告: Unmatched cancel notification for request id 2
8月 12, 2020 5:53:11 午後 org.eclipse.lsp4j.jsonrpc.RemoteEndpoint handleCancellation
警告: Unmatched cancel notification for request id 5
2020.08.12 17:53:12 INFO  time: indexed workspace in 6.97s
2020.08.12 17:53:12 INFO  compiling root (11 scala sources and 1 java source)
2020.08.12 17:53:12 INFO  /Users/hidenobumochigase/play-samples-play-scala-hello-world-tutorial/app/controllers/HomeController.scala:34:3: stale bloop error: illegal character '\u3000'
  　Ok(views.html.hello())
  ^
2020.08.12 17:53:12 INFO  /Users/hidenobumochigase/play-samples-play-scala-hello-world-tutorial/app/controllers/HomeController.scala:34:3: stale bloop error: illegal character '\u3000'
  　Ok(views.html.hello())
  ^
2020.08.12 17:53:12 INFO  /Users/hidenobumochigase/play-samples-play-scala-hello-world-tutorial/app/controllers/HomeController.scala:35:1: stale bloop error: illegal character '\u3000'
　}
^
2020.08.12 17:53:12 INFO  time: compiled root in 0.33s
2020.08.12 17:54:16 INFO  /Users/hidenobumochigase/play-samples-play-scala-hello-world-tutorial/app/controllers/HomeController.scala:34:3: stale bloop error: illegal character '\u3000'
  　Ok(views.html.hello())
  ^
2020.08.12 17:54:16 INFO  /Users/hidenobumochigase/play-samples-play-scala-hello-world-tutorial/app/controllers/HomeController.scala:35:1: stale bloop error: illegal character '\u3000'
　}
^
2020.08.12 17:54:16 INFO  /Users/hidenobumochigase/play-samples-play-scala-hello-world-tutorial/app/controllers/HomeController.scala:34:3: stale bloop error: illegal character '\u3000'
  　Ok(views.html.hello())
  ^
2020.08.12 17:54:16 INFO  /Users/hidenobumochigase/play-samples-play-scala-hello-world-tutorial/app/controllers/HomeController.scala:35:1: stale bloop error: illegal character '\u3000'
　}
^
2020.08.12 17:54:16 INFO  /Users/hidenobumochigase/play-samples-play-scala-hello-world-tutorial/app/controllers/HomeController.scala:34:3: stale bloop error: illegal character '\u3000'
  　Ok(views.html.hello())
  ^
2020.08.12 17:54:16 INFO  /Users/hidenobumochigase/play-samples-play-scala-hello-world-tutorial/app/controllers/HomeController.scala:35:1: stale bloop error: illegal character '\u3000'
　}
^
2020.08.12 17:54:16 INFO  /Users/hidenobumochigase/play-samples-play-scala-hello-world-tutorial/app/controllers/HomeController.scala:34:3: stale bloop error: illegal character '\u3000'
  　Ok(views.html.hello())
  ^
2020.08.12 17:54:16 INFO  /Users/hidenobumochigase/play-samples-play-scala-hello-world-tutorial/app/controllers/HomeController.scala:35:1: stale bloop error: illegal character '\u3000'
　}
^
2020.08.12 17:54:20 INFO  /Users/hidenobumochigase/play-samples-play-scala-hello-world-tutorial/app/controllers/HomeController.scala:34:3: stale bloop error: illegal character '\u3000'
  　Ok(views.html.hello())
  ^
2020.08.12 17:54:20 INFO  /Users/hidenobumochigase/play-samples-play-scala-hello-world-tutorial/app/controllers/HomeController.scala:35:1: stale bloop error: illegal character '\u3000'
　}
^
2020.08.12 17:54:20 INFO  /Users/hidenobumochigase/play-samples-play-scala-hello-world-tutorial/app/controllers/HomeController.scala:34:3: stale bloop error: illegal character '\u3000'
  　Ok(views.html.hello())
  ^
2020.08.12 17:54:20 INFO  /Users/hidenobumochigase/play-samples-play-scala-hello-world-tutorial/app/controllers/HomeController.scala:35:1: stale bloop error: illegal character '\u3000'
　}
^
2020.08.12 17:54:22 INFO  /Users/hidenobumochigase/play-samples-play-scala-hello-world-tutorial/app/controllers/HomeController.scala:34:3: stale bloop error: illegal character '\u3000'
  　Ok(views.html.hello())
  ^
2020.08.12 17:54:22 INFO  /Users/hidenobumochigase/play-samples-play-scala-hello-world-tutorial/app/controllers/HomeController.scala:35:1: stale bloop error: illegal character '\u3000'
　}
^
2020.08.12 17:54:22 INFO  /Users/hidenobumochigase/play-samples-play-scala-hello-world-tutorial/app/controllers/HomeController.scala:34:3: stale bloop error: illegal character '\u3000'
  　Ok(views.html.hello())
  ^
2020.08.12 17:54:22 INFO  /Users/hidenobumochigase/play-samples-play-scala-hello-world-tutorial/app/controllers/HomeController.scala:35:1: stale bloop error: illegal character '\u3000'
　}
^
2020.08.12 17:54:31 INFO  /Users/hidenobumochigase/play-samples-play-scala-hello-world-tutorial/app/controllers/HomeController.scala:34:3: stale bloop error: illegal character '\u3000'
  　Ok(views.html.hello())
  ^
2020.08.12 17:54:31 INFO  /Users/hidenobumochigase/play-samples-play-scala-hello-world-tutorial/app/controllers/HomeController.scala:35:1: stale bloop error: illegal character '\u3000'
　}
^
2020.08.12 17:54:31 INFO  /Users/hidenobumochigase/play-samples-play-scala-hello-world-tutorial/app/controllers/HomeController.scala:34:3: stale bloop error: illegal character '\u3000'
  　Ok(views.html.hello())
  ^
2020.08.12 17:54:31 INFO  /Users/hidenobumochigase/play-samples-play-scala-hello-world-tutorial/app/controllers/HomeController.scala:35:1: stale bloop error: illegal character '\u3000'
　}
^
2020.08.12 17:54:31 INFO  /Users/hidenobumochigase/play-samples-play-scala-hello-world-tutorial/app/controllers/HomeController.scala:34:3: stale bloop error: illegal character '\u3000'
  　Ok(views.html.hello())
  ^
2020.08.12 17:54:31 INFO  /Users/hidenobumochigase/play-samples-play-scala-hello-world-tutorial/app/controllers/HomeController.scala:35:1: stale bloop error: illegal character '\u3000'
　}
^
2020.08.12 17:54:35 INFO  /Users/hidenobumochigase/play-samples-play-scala-hello-world-tutorial/app/controllers/HomeController.scala:34:3: stale bloop error: illegal character '\u3000'
  　Ok(views.html.hello())
  ^
2020.08.12 17:54:35 INFO  /Users/hidenobumochigase/play-samples-play-scala-hello-world-tutorial/app/controllers/HomeController.scala:35:1: stale bloop error: illegal character '\u3000'
　}
^
2020.08.12 17:54:38 INFO  compiling root (11 scala sources and 1 java source)
2020.08.12 17:54:43 INFO  time: compiled root in 5.19s
2020.08.12 18:28:25 INFO  compiling root (1 scala source)
2020.08.12 18:28:25 INFO  time: compiled root in 0.35s
2020.08.12 18:28:25 INFO  compiling root (1 scala source)
2020.08.12 18:28:25 INFO  time: compiled root in 74ms
2020.08.12 18:28:53 INFO  compiling root (7 scala sources)
2020.08.12 18:28:53 INFO  time: compiled root in 0.18s
2020.08.12 18:29:42 INFO  compiling root (11 scala sources and 1 java source)
2020.08.12 18:29:42 INFO  time: compiled root in 0.22s
2020.08.12 18:30:00 INFO  compiling root (11 scala sources and 1 java source)
2020.08.12 18:30:00 INFO  time: compiled root in 0.22s
2020.08.12 18:30:14 INFO  compiling root (11 scala sources and 1 java source)
2020.08.12 18:30:14 INFO  time: compiled root in 0.19s
2020.08.12 18:30:14 INFO  compiling root (11 scala sources and 1 java source)
2020.08.12 18:30:14 INFO  time: compiled root in 50ms
2020.08.12 20:00:37 INFO  compiling root (11 scala sources and 1 java source)
2020.08.12 20:00:37 INFO  time: compiled root in 0.29s
2020.08.12 20:00:56 INFO  /Users/hidenobumochigase/play-samples-play-scala-hello-world-tutorial/app/controllers/HomeController.scala:37:3: stale bloop error: Missing closing brace `}` assumed here
  Ok(views.html.hello())
  ^
2020.08.12 20:00:56 INFO  /Users/hidenobumochigase/play-samples-play-scala-hello-world-tutorial/app/controllers/HomeController.scala:37:3: stale bloop error: Missing closing brace `}` assumed here
  Ok(views.html.hello())
  ^
2020.08.12 20:00:58 INFO  /Users/hidenobumochigase/play-samples-play-scala-hello-world-tutorial/app/controllers/HomeController.scala:37:3: stale bloop error: Missing closing brace `}` assumed here
  Ok(views.html.hello())
  ^
2020.08.12 20:00:58 INFO  compiling root (11 scala sources and 1 java source)
2020.08.12 20:00:58 INFO  /Users/hidenobumochigase/play-samples-play-scala-hello-world-tutorial/app/controllers/HomeController.scala:37:3: stale bloop error: illegal character '\u3000'
  　Ok(views.html.hello())
  ^
2020.08.12 20:00:58 INFO  time: compiled root in 0.21s
2020.08.12 20:01:05 INFO  /Users/hidenobumochigase/play-samples-play-scala-hello-world-tutorial/app/controllers/HomeController.scala:37:3: stale bloop error: illegal character '\u3000'
  　Ok(views.html.hello())
  ^
2020.08.12 20:01:05 INFO  /Users/hidenobumochigase/play-samples-play-scala-hello-world-tutorial/app/controllers/HomeController.scala:37:3: stale bloop error: illegal character '\u3000'
  　Ok(views.html.hello())
  ^
2020.08.12 20:01:05 INFO  /Users/hidenobumochigase/play-samples-play-scala-hello-world-tutorial/app/controllers/HomeController.scala:37:3: stale bloop error: illegal character '\u3000'
  　Ok(views.html.hello())
  ^
2020.08.12 20:01:05 INFO  /Users/hidenobumochigase/play-samples-play-scala-hello-world-tutorial/app/controllers/HomeController.scala:37:3: stale bloop error: illegal character '\u3000'
  　Ok(views.html.hello())
  ^
2020.08.12 20:01:08 INFO  /Users/hidenobumochigase/play-samples-play-scala-hello-world-tutorial/app/controllers/HomeController.scala:37:3: stale bloop error: illegal character '\u3000'
  　Ok(views.html.hello())
  ^
2020.08.12 20:01:08 INFO  /Users/hidenobumochigase/play-samples-play-scala-hello-world-tutorial/app/controllers/HomeController.scala:37:3: stale bloop error: illegal character '\u3000'
  　Ok(views.html.hello())
  ^
2020.08.12 20:01:10 INFO  /Users/hidenobumochigase/play-samples-play-scala-hello-world-tutorial/app/controllers/HomeController.scala:37:3: stale bloop error: illegal character '\u3000'
  　Ok(views.html.hello())
  ^
2020.08.12 20:01:10 INFO  /Users/hidenobumochigase/play-samples-play-scala-hello-world-tutorial/app/controllers/HomeController.scala:37:3: stale bloop error: illegal character '\u3000'
  　Ok(views.html.hello())
  ^
2020.08.12 20:01:10 INFO  /Users/hidenobumochigase/play-samples-play-scala-hello-world-tutorial/app/controllers/HomeController.scala:37:3: stale bloop error: illegal character '\u3000'
  　Ok(views.html.hello())
  ^
2020.08.12 20:01:10 INFO  /Users/hidenobumochigase/play-samples-play-scala-hello-world-tutorial/app/controllers/HomeController.scala:37:3: stale bloop error: illegal character '\u3000'
  　Ok(views.html.hello())
  ^
2020.08.12 20:01:11 INFO  /Users/hidenobumochigase/play-samples-play-scala-hello-world-tutorial/app/controllers/HomeController.scala:37:3: stale bloop error: illegal character '\u3000'
  　Ok(views.html.hello())
  ^
2020.08.12 20:01:11 INFO  /Users/hidenobumochigase/play-samples-play-scala-hello-world-tutorial/app/controllers/HomeController.scala:37:3: stale bloop error: illegal character '\u3000'
  　Ok(views.html.hello())
  ^
2020.08.12 20:01:11 INFO  /Users/hidenobumochigase/play-samples-play-scala-hello-world-tutorial/app/controllers/HomeController.scala:37:3: stale bloop error: illegal character '\u3000'
  　Ok(views.html.hello())
  ^
2020.08.12 20:01:11 INFO  /Users/hidenobumochigase/play-samples-play-scala-hello-world-tutorial/app/controllers/HomeController.scala:37:3: stale bloop error: illegal character '\u3000'
  　Ok(views.html.hello())
  ^
2020.08.12 20:01:12 INFO  /Users/hidenobumochigase/play-samples-play-scala-hello-world-tutorial/app/controllers/HomeController.scala:37:3: stale bloop error: illegal character '\u3000'
  　Ok(views.html.hello())
  ^
2020.08.12 20:01:12 INFO  /Users/hidenobumochigase/play-samples-play-scala-hello-world-tutorial/app/controllers/HomeController.scala:37:3: stale bloop error: illegal character '\u3000'
  　Ok(views.html.hello())
  ^
2020.08.12 20:01:15 INFO  /Users/hidenobumochigase/play-samples-play-scala-hello-world-tutorial/app/controllers/HomeController.scala:37:3: stale bloop error: illegal character '\u3000'
  　Ok(views.html.hello())
  ^
2020.08.12 20:01:15 INFO  compiling root (11 scala sources and 1 java source)
2020.08.12 20:01:15 INFO  time: compiled root in 0.18s
2020.08.12 20:01:44 INFO  compiling root (11 scala sources and 1 java source)
2020.08.12 20:01:44 INFO  time: compiled root in 0.32s
2020.08.12 20:01:56 INFO  /Users/hidenobumochigase/play-samples-play-scala-hello-world-tutorial/app/controllers/HomeController.scala:37:27: stale bloop error: '}' expected but eof found.
    Ok(views.html.hello())
                          ^
2020.08.12 20:01:56 INFO  /Users/hidenobumochigase/play-samples-play-scala-hello-world-tutorial/app/controllers/HomeController.scala:37:27: stale bloop error: '}' expected but eof found.
    Ok(views.html.hello())
                          ^
2020.08.12 20:02:00 INFO  compiling root (11 scala sources and 1 java source)
2020.08.12 20:02:00 INFO  time: compiled root in 0.24s
2020.08.12 20:02:39 INFO  /Users/hidenobumochigase/play-samples-play-scala-hello-world-tutorial/app/controllers/HomeController.scala:37:28: stale bloop error: '}' expected but eof found.
    Ok(views.html.hello())}
                           ^
2020.08.12 20:02:39 INFO  /Users/hidenobumochigase/play-samples-play-scala-hello-world-tutorial/app/controllers/HomeController.scala:37:28: stale bloop error: '}' expected but eof found.
    Ok(views.html.hello())}
                           ^
2020.08.12 20:03:01 INFO  compiling root (5 scala sources and 1 java source)
2020.08.12 20:03:01 INFO  time: compiled root in 0.82s
2020.08.12 20:04:38 INFO  shutting down Metals
No more data in the client stdin, exiting...
No more data in the server stdin, exiting...
No more data in the server stdin, exiting...
2020.08.12 20:04:51 INFO  started: Metals version 0.9.2 in workspace '/Users/hidenobumochigase/play-samples-play-scala-hello-world-tutorial' for client vscode.
2020.08.12 20:04:53 INFO  time: initialize in 1.14s
Starting the bsp launcher for bloop...
Opening a bsp server connection with 'bsp --protocol local --socket /var/folders/_f/jc9h1sv54wj9jwcgz5pyljt40000gp/T/bsp-launcher12955399038991099444/bsp.socket'...
Waiting for the bsp connection to come up...
2020.08.12 20:04:53 INFO  no build target: using presentation compiler with only scala-library
2020.08.12 20:04:53 INFO  skipping build import with status 'Installed'
[0m[32m[D][0m Loading workspace settings from bloop.settings.json
[0m[32m[D][0m Waiting for a connection at local:///var/folders/_f/jc9h1sv54wj9jwcgz5pyljt40000gp/T/bsp-launcher12955399038991099444/bsp.socket...
The server is listening for incoming connections at local:///var/folders/_f/jc9h1sv54wj9jwcgz5pyljt40000gp/T/bsp-launcher12955399038991099444/bsp.socket...
Starting thread that pumps stdin and redirects it to the bsp server...
Starting thread that pumps server stdout and redirects it to the client stdout...
2020.08.12 20:04:54 INFO  tracing is disabled for protocol BSP, to enable tracing of incoming and outgoing JSON messages create an empty file at /Users/hidenobumochigase/Library/Caches/org.scalameta.metals/bsp.trace.json
2020.08.12 20:04:54 INFO  time: connected to build server in 0.53s
2020.08.12 20:04:54 INFO  Connected to Build server v1.4.3
2020.08.12 20:04:57 INFO  compiling root (5 scala sources and 1 java source)
2020.08.12 20:04:58 INFO  time: compiled root in 1.26s
8月 12, 2020 8:04:58 午後 org.eclipse.lsp4j.jsonrpc.RemoteEndpoint handleCancellation
警告: Unmatched cancel notification for request id 2
8月 12, 2020 8:04:58 午後 org.eclipse.lsp4j.jsonrpc.RemoteEndpoint handleCancellation
警告: Unmatched cancel notification for request id 6
2020.08.12 20:05:00 INFO  time: indexed workspace in 6.01s
2020.08.12 20:05:00 INFO  compiling root (5 scala sources and 1 java source)
2020.08.12 20:05:00 INFO  time: compiled root in 0.42s
2020.08.12 20:05:30 INFO  compiling root (5 scala sources and 1 java source)
2020.08.12 20:05:30 INFO  time: compiled root in 0.45s
2020.08.12 20:10:53 INFO  shutting down Metals
No more data in the client stdin, exiting...
No more data in the server stdin, exiting...
No more data in the server stdin, exiting...
2020.08.12 20:14:54 INFO  started: Metals version 0.9.2 in workspace '/Users/hidenobumochigase/play-samples-play-scala-hello-world-tutorial' for client vscode.
2020.08.12 20:14:55 INFO  time: initialize in 1.1s
Starting the bsp launcher for bloop...
Opening a bsp server connection with 'bsp --protocol local --socket /var/folders/_f/jc9h1sv54wj9jwcgz5pyljt40000gp/T/bsp-launcher183149222843878339/bsp.socket'...
Waiting for the bsp connection to come up...
2020.08.12 20:14:56 INFO  skipping build import with status 'Installed'
[0m[32m[D][0m Loading workspace settings from bloop.settings.json
[0m[32m[D][0m Waiting for a connection at local:///var/folders/_f/jc9h1sv54wj9jwcgz5pyljt40000gp/T/bsp-launcher183149222843878339/bsp.socket...
The server is listening for incoming connections at local:///var/folders/_f/jc9h1sv54wj9jwcgz5pyljt40000gp/T/bsp-launcher183149222843878339/bsp.socket...
Starting thread that pumps stdin and redirects it to the bsp server...
Starting thread that pumps server stdout and redirects it to the client stdout...
2020.08.12 20:14:56 INFO  tracing is disabled for protocol BSP, to enable tracing of incoming and outgoing JSON messages create an empty file at /Users/hidenobumochigase/Library/Caches/org.scalameta.metals/bsp.trace.json
2020.08.12 20:14:56 INFO  time: connected to build server in 0.58s
2020.08.12 20:14:56 INFO  Connected to Build server v1.4.3
2020.08.12 20:14:59 INFO  time: indexed workspace in 2.94s
2020.08.12 20:16:35 INFO  compiling root (5 scala sources and 1 java source)
2020.08.12 20:16:38 INFO  time: compiled root in 3.28s
2020.08.12 20:16:38 INFO  compiling root (2 scala sources and 1 java source)
2020.08.12 20:16:38 INFO  time: compiled root in 0.29s
2020.08.12 20:16:46 INFO  compiling root (5 scala sources and 1 java source)
8月 12, 2020 8:16:46 午後 org.eclipse.lsp4j.jsonrpc.RemoteEndpoint handleCancellation
警告: Unmatched cancel notification for request id 1
2020.08.12 20:16:48 INFO  time: compiled root in 2.17s
2020.08.12 20:16:48 INFO  compiling root (2 scala sources and 1 java source)
2020.08.12 20:16:48 INFO  time: compiled root in 0.14s
2020.08.12 20:18:46 INFO  compiling root (11 scala sources and 1 java source)
2020.08.12 20:18:46 INFO  time: compiled root in 0.1s
2020.08.12 20:19:01 ERROR code navigation does not work for the file '/Users/hidenobumochigase/play-samples-play-scala-hello-world-tutorial/app/controllers/HomeController.scala' because the SemanticDB file '/Users/hidenobumochigase/play-samples-play-scala-hello-world-tutorial/.bloop/root/bloop-bsp-clients-classes/classes-Metals-GHAMckBIT3mO4cC3vfjnLg==/META-INF/semanticdb/app/controllers/HomeController.scala.semanticdb' doesn't exist. There can be many reasons for this error. 
2020.08.12 20:19:01 ERROR code navigation does not work for the file '/Users/hidenobumochigase/play-samples-play-scala-hello-world-tutorial/app/controllers/HomeController.scala' because the SemanticDB file '/Users/hidenobumochigase/play-samples-play-scala-hello-world-tutorial/.bloop/root/bloop-bsp-clients-classes/classes-Metals-GHAMckBIT3mO4cC3vfjnLg==/META-INF/semanticdb/app/controllers/HomeController.scala.semanticdb' doesn't exist. There can be many reasons for this error. 
2020.08.12 20:19:02 INFO  compiling root (11 scala sources and 1 java source)
2020.08.12 20:19:02 INFO  time: compiled root in 0.11s
2020.08.12 20:19:02 INFO  compiling root (11 scala sources and 1 java source)
2020.08.12 20:19:02 INFO  time: compiled root in 49ms
2020.08.12 20:19:21 ERROR code navigation does not work for the file '/Users/hidenobumochigase/play-samples-play-scala-hello-world-tutorial/app/controllers/HomeController.scala' because the SemanticDB file '/Users/hidenobumochigase/play-samples-play-scala-hello-world-tutorial/.bloop/root/bloop-bsp-clients-classes/classes-Metals-GHAMckBIT3mO4cC3vfjnLg==/META-INF/semanticdb/app/controllers/HomeController.scala.semanticdb' doesn't exist. There can be many reasons for this error. 
2020.08.12 20:19:22 INFO  compiling root (11 scala sources and 1 java source)
2020.08.12 20:19:22 INFO  time: compiled root in 0.15s
2020.08.12 20:19:45 INFO  compiling root (11 scala sources and 1 java source)
2020.08.12 20:19:45 INFO  time: compiled root in 0.12s
2020.08.12 20:20:03 INFO  compiling root (11 scala sources and 1 java source)
2020.08.12 20:20:03 INFO  time: compiled root in 0.22s
2020.08.12 20:20:18 INFO  compiling root (5 scala sources and 1 java source)
2020.08.12 20:20:20 INFO  time: compiled root in 1.8s
2020.08.12 20:20:20 INFO  compiling root (2 scala sources and 1 java source)
2020.08.12 20:20:20 INFO  time: compiled root in 0.12s
2020.08.12 20:20:35 INFO  compiling root (5 scala sources and 1 java source)
2020.08.12 20:20:37 INFO  time: compiled root in 1.34s
2020.08.12 20:20:37 INFO  compiling root (2 scala sources and 1 java source)
2020.08.12 20:20:37 INFO  time: compiled root in 93ms
2020.08.13 19:59:27 INFO  started: Metals version 0.9.2 in workspace '/Users/hidenobumochigase/play-samples-play-scala-hello-world-tutorial' for client vscode.
2020.08.13 19:59:29 INFO  time: initialize in 1.45s
Starting the bsp launcher for bloop...
Opening a bsp server connection with 'bsp --protocol local --socket /var/folders/_f/jc9h1sv54wj9jwcgz5pyljt40000gp/T/bsp-launcher18362723857595830675/bsp.socket'...
Waiting for the bsp connection to come up...
2020.08.13 19:59:33 INFO  no build target: using presentation compiler with only scala-library
2020.08.13 19:59:33 INFO  skipping build import with status 'Installed'
Waiting for the bsp connection to come up...
Waiting for the bsp connection to come up...
2020.08.13 19:59:36 WARN  no build target for: /Users/hidenobumochigase/play-samples-play-scala-hello-world-tutorial/app/controllers/HomeController.scala
Waiting for the bsp connection to come up...
Waiting for the bsp connection to come up...
No server running at 127.0.0.1:8212, let's fire one...
Resolving ch.epfl.scala:bloop-frontend_2.12:1.4.3...
Starting bloop server at 127.0.0.1:8212...
Attempting a connection to the server...
Attempting a connection to the server...
Attempting a connection to the server...
Attempting a connection to the server...
Attempting a connection to the server...
Attempting a connection to the server...
Attempting a connection to the server...
Attempting a connection to the server...
Attempting a connection to the server...
[0m[32m[D][0m Loading workspace settings from bloop.settings.json
[0m[32m[D][0m Loading 2 projects from '/Users/hidenobumochigase/play-samples-play-scala-hello-world-tutorial/.bloop'...
[0m[32m[D][0m Loading project from '/Users/hidenobumochigase/play-samples-play-scala-hello-world-tutorial/.bloop/root-test.json'
[0m[32m[D][0m Loading project from '/Users/hidenobumochigase/play-samples-play-scala-hello-world-tutorial/.bloop/root.json'
[0m[32m[D][0m Cache miss for scala instance org.scala-lang:scala-compiler:2.13.1.
[0m[32m[D][0m   => /Users/hidenobumochigase/Library/Caches/Coursier/v1/https/repo1.maven.org/maven2/jline/jline/2.14.6/jline-2.14.6.jar
[0m[32m[D][0m   => /Users/hidenobumochigase/Library/Caches/Coursier/v1/https/repo1.maven.org/maven2/org/fusesource/jansi/jansi/1.12/jansi-1.12.jar
[0m[32m[D][0m   => /Users/hidenobumochigase/Library/Caches/Coursier/v1/https/repo1.maven.org/maven2/org/scala-lang/scala-compiler/2.13.1/scala-compiler-2.13.1.jar
[0m[32m[D][0m   => /Users/hidenobumochigase/Library/Caches/Coursier/v1/https/repo1.maven.org/maven2/org/scala-lang/scala-library/2.13.1/scala-library-2.13.1.jar
[0m[32m[D][0m   => /Users/hidenobumochigase/Library/Caches/Coursier/v1/https/repo1.maven.org/maven2/org/scala-lang/scala-reflect/2.13.1/scala-reflect-2.13.1.jar
[0m[32m[D][0m Configured SemanticDB in projects 'root', 'root-test'
[0m[32m[D][0m Missing analysis file for project 'root-test'
[0m[32m[D][0m Loading previous analysis for 'root' from '/Users/hidenobumochigase/play-samples-play-scala-hello-world-tutorial/target/streams/compile/bloopAnalysisOut/_global/streams/inc_compile_2.13.zip'.
[0m[32m[D][0m Waiting for a connection at local:///var/folders/_f/jc9h1sv54wj9jwcgz5pyljt40000gp/T/bsp-launcher18362723857595830675/bsp.socket...
The server is listening for incoming connections at local:///var/folders/_f/jc9h1sv54wj9jwcgz5pyljt40000gp/T/bsp-launcher18362723857595830675/bsp.socket...
Starting thread that pumps stdin and redirects it to the bsp server...
Starting thread that pumps server stdout and redirects it to the client stdout...
2020.08.13 19:59:39 INFO  tracing is disabled for protocol BSP, to enable tracing of incoming and outgoing JSON messages create an empty file at /Users/hidenobumochigase/Library/Caches/org.scalameta.metals/bsp.trace.json
2020.08.13 19:59:39 INFO  time: connected to build server in 5.89s
2020.08.13 19:59:39 INFO  Connected to Build server v1.4.3
2020.08.13 19:59:39 INFO  time: imported build in 0.23s
2020.08.13 19:59:42 INFO  time: indexed workspace in 3.14s
2020.08.13 19:59:43 INFO  compiling root (5 scala sources and 1 java source)
2020.08.13 19:59:52 INFO  time: compiled root in 8.49s
2020.08.13 19:59:52 INFO  compiling root (2 scala sources and 1 java source)
2020.08.13 19:59:52 INFO  time: compiled root in 0.57s
2020.08.13 20:07:38 INFO  /Users/hidenobumochigase/play-samples-play-scala-hello-world-tutorial/app/controllers/HomeController.scala:34:8: stale bloop error: not enough arguments for method apply: (name: String)play.twirl.api.HtmlFormat.Appendable in object hello.
Unspecified value parameter name.
    Ok(views.html.hello())
       ^^^^^^^^^^^^^^^^^^
2020.08.13 20:07:38 INFO  /Users/hidenobumochigase/play-samples-play-scala-hello-world-tutorial/app/controllers/HomeController.scala:34:8: stale bloop error: not enough arguments for method apply: (name: String)play.twirl.api.HtmlFormat.Appendable in object hello.
Unspecified value parameter name.
    Ok(views.html.hello())
       ^^^^^^^^^^^^^^^^^^
2020.08.13 20:07:55 INFO  compiling root (11 scala sources and 1 java source)
2020.08.13 20:08:00 INFO  time: compiled root in 4.95s
2020.08.13 20:44:45 INFO  compiling root (1 scala source)
2020.08.13 20:44:45 INFO  time: compiled root in 0.76s
2020.08.13 20:45:12 INFO  compiling root (5 scala sources and 1 java source)
2020.08.13 20:45:12 INFO  time: compiled root in 0.86s
2020.08.13 20:45:14 INFO  /Users/hidenobumochigase/play-samples-play-scala-hello-world-tutorial/app/controllers/HomeController.scala:34:25: stale bloop error: not found: value name
    Ok(views.html.hello(name))
                        ^^^^
2020.08.13 20:45:14 INFO  /Users/hidenobumochigase/play-samples-play-scala-hello-world-tutorial/app/controllers/HomeController.scala:34:25: stale bloop error: not found: value name
    Ok(views.html.hello(name))
                        ^^^^
2020.08.13 20:45:16 INFO  /Users/hidenobumochigase/play-samples-play-scala-hello-world-tutorial/app/controllers/HomeController.scala:34:25: stale bloop error: not found: value name
    Ok(views.html.hello(name))
                        ^^^^
2020.08.13 20:45:16 INFO  /Users/hidenobumochigase/play-samples-play-scala-hello-world-tutorial/app/controllers/HomeController.scala:34:25: stale bloop error: not found: value name
    Ok(views.html.hello(name))
                        ^^^^
2020.08.13 20:45:22 INFO  compiling root (4 scala sources and 1 java source)
2020.08.13 20:45:22 INFO  time: compiled root in 0.34s
2020.08.13 20:48:05 INFO  compiling root (4 scala sources and 1 java source)
2020.08.13 20:48:05 INFO  time: compiled root in 0.49s
2020.08.13 20:48:05 INFO  compiling root (4 scala sources and 1 java source)
2020.08.13 20:48:05 INFO  time: compiled root in 0.27s
2020.08.13 20:48:59 INFO  compiling root (5 scala sources and 1 java source)
2020.08.13 20:49:02 INFO  time: compiled root in 2.43s
2020.08.13 20:54:21 INFO  compiling root (1 scala source)
2020.08.13 20:54:23 INFO  time: compiled root in 1.82s
2020.08.16 23:03:09 INFO  started: Metals version 0.9.2 in workspace '/Users/hidenobumochigase/play-samples-play-scala-hello-world-tutorial' for client vscode.
2020.08.16 23:03:11 INFO  time: initialize in 2.04s
Starting the bsp launcher for bloop...
Opening a bsp server connection with 'bsp --protocol local --socket /var/folders/_f/jc9h1sv54wj9jwcgz5pyljt40000gp/T/bsp-launcher13651353043716408959/bsp.socket'...
Waiting for the bsp connection to come up...
2020.08.16 23:03:16 INFO  skipping build import with status 'Installed'
Waiting for the bsp connection to come up...
Waiting for the bsp connection to come up...
Waiting for the bsp connection to come up...
Waiting for the bsp connection to come up...
Waiting for the bsp connection to come up...
No server running at 127.0.0.1:8212, let's fire one...
Resolving ch.epfl.scala:bloop-frontend_2.12:1.4.3...
Starting bloop server at 127.0.0.1:8212...
Attempting a connection to the server...
Attempting a connection to the server...
Attempting a connection to the server...
Attempting a connection to the server...
Attempting a connection to the server...
Attempting a connection to the server...
Attempting a connection to the server...
Attempting a connection to the server...
Attempting a connection to the server...
[0m[32m[D][0m Loading workspace settings from bloop.settings.json
[0m[32m[D][0m Loading 2 projects from '/Users/hidenobumochigase/play-samples-play-scala-hello-world-tutorial/.bloop'...
[0m[32m[D][0m Loading project from '/Users/hidenobumochigase/play-samples-play-scala-hello-world-tutorial/.bloop/root.json'
[0m[32m[D][0m Loading project from '/Users/hidenobumochigase/play-samples-play-scala-hello-world-tutorial/.bloop/root-test.json'
[0m[32m[D][0m Cache miss for scala instance org.scala-lang:scala-compiler:2.13.1.
[0m[32m[D][0m   => /Users/hidenobumochigase/Library/Caches/Coursier/v1/https/repo1.maven.org/maven2/jline/jline/2.14.6/jline-2.14.6.jar
[0m[32m[D][0m   => /Users/hidenobumochigase/Library/Caches/Coursier/v1/https/repo1.maven.org/maven2/org/fusesource/jansi/jansi/1.12/jansi-1.12.jar
[0m[32m[D][0m   => /Users/hidenobumochigase/Library/Caches/Coursier/v1/https/repo1.maven.org/maven2/org/scala-lang/scala-compiler/2.13.1/scala-compiler-2.13.1.jar
[0m[32m[D][0m   => /Users/hidenobumochigase/Library/Caches/Coursier/v1/https/repo1.maven.org/maven2/org/scala-lang/scala-library/2.13.1/scala-library-2.13.1.jar
[0m[32m[D][0m   => /Users/hidenobumochigase/Library/Caches/Coursier/v1/https/repo1.maven.org/maven2/org/scala-lang/scala-reflect/2.13.1/scala-reflect-2.13.1.jar
[0m[32m[D][0m Configured SemanticDB in projects 'root', 'root-test'
[0m[32m[D][0m Missing analysis file for project 'root-test'
[0m[32m[D][0m Loading previous analysis for 'root' from '/Users/hidenobumochigase/play-samples-play-scala-hello-world-tutorial/target/streams/compile/bloopAnalysisOut/_global/streams/inc_compile_2.13.zip'.
[0m[32m[D][0m Waiting for a connection at local:///var/folders/_f/jc9h1sv54wj9jwcgz5pyljt40000gp/T/bsp-launcher13651353043716408959/bsp.socket...
The server is listening for incoming connections at local:///var/folders/_f/jc9h1sv54wj9jwcgz5pyljt40000gp/T/bsp-launcher13651353043716408959/bsp.socket...
Starting thread that pumps stdin and redirects it to the bsp server...
Starting thread that pumps server stdout and redirects it to the client stdout...
2020.08.16 23:03:22 INFO  tracing is disabled for protocol BSP, to enable tracing of incoming and outgoing JSON messages create an empty file at /Users/hidenobumochigase/Library/Caches/org.scalameta.metals/bsp.trace.json
2020.08.16 23:03:22 INFO  time: connected to build server in 6.93s
2020.08.16 23:03:22 INFO  Connected to Build server v1.4.3
2020.08.16 23:03:23 INFO  time: imported build in 0.47s
2020.08.16 23:03:31 INFO  time: indexed workspace in 8.32s
2020.08.17 09:29:19 INFO  shutting down Metals
No more data in the client stdin, exiting...
2020.09.03 14:11:29 INFO  started: Metals version 0.9.2 in workspace '/Users/hidenobumochigase/play-samples-play-scala-hello-world-tutorial' for client vscode.
2020.09.03 14:11:31 INFO  time: initialize in 1.92s
Starting the bsp launcher for bloop...
Opening a bsp server connection with 'bsp --protocol local --socket /var/folders/_f/jc9h1sv54wj9jwcgz5pyljt40000gp/T/bsp-launcher7701185133414924310/bsp.socket'...
Waiting for the bsp connection to come up...
2020.09.03 14:11:31 INFO  skipping build import with status 'Installed'
Waiting for the bsp connection to come up...
Waiting for the bsp connection to come up...
Waiting for the bsp connection to come up...
No server running at 127.0.0.1:8212, let's fire one...
Resolving ch.epfl.scala:bloop-frontend_2.12:1.4.3...
Starting bloop server at 127.0.0.1:8212...
Attempting a connection to the server...
Attempting a connection to the server...
Attempting a connection to the server...
Attempting a connection to the server...
Attempting a connection to the server...
Attempting a connection to the server...
[0m[32m[D][0m Loading workspace settings from bloop.settings.json
[0m[32m[D][0m Loading 2 projects from '/Users/hidenobumochigase/play-samples-play-scala-hello-world-tutorial/.bloop'...
[0m[32m[D][0m Loading project from '/Users/hidenobumochigase/play-samples-play-scala-hello-world-tutorial/.bloop/root.json'
[0m[32m[D][0m Loading project from '/Users/hidenobumochigase/play-samples-play-scala-hello-world-tutorial/.bloop/root-test.json'
[0m[32m[D][0m Cache miss for scala instance org.scala-lang:scala-compiler:2.13.1.
[0m[32m[D][0m   => /Users/hidenobumochigase/Library/Caches/Coursier/v1/https/repo1.maven.org/maven2/jline/jline/2.14.6/jline-2.14.6.jar
[0m[32m[D][0m   => /Users/hidenobumochigase/Library/Caches/Coursier/v1/https/repo1.maven.org/maven2/org/fusesource/jansi/jansi/1.12/jansi-1.12.jar
[0m[32m[D][0m   => /Users/hidenobumochigase/Library/Caches/Coursier/v1/https/repo1.maven.org/maven2/org/scala-lang/scala-compiler/2.13.1/scala-compiler-2.13.1.jar
[0m[32m[D][0m   => /Users/hidenobumochigase/Library/Caches/Coursier/v1/https/repo1.maven.org/maven2/org/scala-lang/scala-library/2.13.1/scala-library-2.13.1.jar
[0m[32m[D][0m   => /Users/hidenobumochigase/Library/Caches/Coursier/v1/https/repo1.maven.org/maven2/org/scala-lang/scala-reflect/2.13.1/scala-reflect-2.13.1.jar
[0m[32m[D][0m Configured SemanticDB in projects 'root-test', 'root'
[0m[32m[D][0m Missing analysis file for project 'root-test'
[0m[32m[D][0m Loading previous analysis for 'root' from '/Users/hidenobumochigase/play-samples-play-scala-hello-world-tutorial/target/streams/compile/bloopAnalysisOut/_global/streams/inc_compile_2.13.zip'.
[0m[32m[D][0m Waiting for a connection at local:///var/folders/_f/jc9h1sv54wj9jwcgz5pyljt40000gp/T/bsp-launcher7701185133414924310/bsp.socket...
The server is listening for incoming connections at local:///var/folders/_f/jc9h1sv54wj9jwcgz5pyljt40000gp/T/bsp-launcher7701185133414924310/bsp.socket...
Starting thread that pumps stdin and redirects it to the bsp server...
Starting thread that pumps server stdout and redirects it to the client stdout...
2020.09.03 14:11:35 INFO  tracing is disabled for protocol BSP, to enable tracing of incoming and outgoing JSON messages create an empty file at /Users/hidenobumochigase/Library/Caches/org.scalameta.metals/bsp.trace.json
2020.09.03 14:11:36 INFO  time: connected to build server in 4.59s
2020.09.03 14:11:36 INFO  Connected to Build server v1.4.3
2020.09.03 14:11:35 INFO  time: imported build in 0.13s
2020.09.03 14:11:39 INFO  time: indexed workspace in 3.13s
2020.09.03 15:33:57 INFO  no build target: using presentation compiler with only scala-library
2020.09.04 06:48:46 INFO  shutting down Metals
No more data in the client stdin, exiting...
No more data in the server stdin, exiting...
No more data in the server stdin, exiting...
2020.09.04 06:50:53 INFO  started: Metals version 0.9.3 in workspace '/Users/hidenobumochigase/play-samples-play-scala-hello-world-tutorial' for client vscode.
2020.09.04 06:50:55 INFO  time: initialize in 1.99s
Starting the bsp launcher for bloop...
Opening a bsp server connection with 'bsp --protocol local --socket /var/folders/_f/jc9h1sv54wj9jwcgz5pyljt40000gp/T/bsp-launcher14903602288119387274/bsp.socket'...
Waiting for the bsp connection to come up...
2020.09.04 06:50:56 INFO  skipping build import with status 'Installed'
2020.09.04 06:50:56 INFO  no build target: using presentation compiler with only scala-library
Waiting for the bsp connection to come up...
Waiting for the bsp connection to come up...
Waiting for the bsp connection to come up...
Waiting for the bsp connection to come up...
Waiting for the bsp connection to come up...
Waiting for the bsp connection to come up...
Waiting for the bsp connection to come up...
Waiting for the bsp connection to come up...
Waiting for the bsp connection to come up...
Waiting for the bsp connection to come up...
No server running at 127.0.0.1:8212, let's fire one...
Resolving ch.epfl.scala:bloop-frontend_2.12:1.4.3-23-550c6c0a...
Starting bloop server at 127.0.0.1:8212...
Attempting a connection to the server...
Attempting a connection to the server...
Attempting a connection to the server...
Attempting a connection to the server...
Attempting a connection to the server...
Attempting a connection to the server...
Attempting a connection to the server...
Attempting a connection to the server...
Attempting a connection to the server...
Attempting a connection to the server...
[0m[32m[D][0m Loading workspace settings from bloop.settings.json
[0m[32m[D][0m Loading 2 projects from '/Users/hidenobumochigase/play-samples-play-scala-hello-world-tutorial/.bloop'...
[0m[32m[D][0m Loading project from '/Users/hidenobumochigase/play-samples-play-scala-hello-world-tutorial/.bloop/root.json'
[0m[32m[D][0m Loading project from '/Users/hidenobumochigase/play-samples-play-scala-hello-world-tutorial/.bloop/root-test.json'
[0m[32m[D][0m Cache miss for scala instance org.scala-lang:scala-compiler:2.13.1.
[0m[32m[D][0m   => /Users/hidenobumochigase/Library/Caches/Coursier/v1/https/repo1.maven.org/maven2/jline/jline/2.14.6/jline-2.14.6.jar
[0m[32m[D][0m   => /Users/hidenobumochigase/Library/Caches/Coursier/v1/https/repo1.maven.org/maven2/org/fusesource/jansi/jansi/1.12/jansi-1.12.jar
[0m[32m[D][0m   => /Users/hidenobumochigase/Library/Caches/Coursier/v1/https/repo1.maven.org/maven2/org/scala-lang/scala-compiler/2.13.1/scala-compiler-2.13.1.jar
[0m[32m[D][0m   => /Users/hidenobumochigase/Library/Caches/Coursier/v1/https/repo1.maven.org/maven2/org/scala-lang/scala-library/2.13.1/scala-library-2.13.1.jar
[0m[32m[D][0m   => /Users/hidenobumochigase/Library/Caches/Coursier/v1/https/repo1.maven.org/maven2/org/scala-lang/scala-reflect/2.13.1/scala-reflect-2.13.1.jar
[0m[32m[D][0m Configured SemanticDB in projects 'root', 'root-test'
[0m[32m[D][0m Missing analysis file for project 'root-test'
[0m[32m[D][0m Loading previous analysis for 'root' from '/Users/hidenobumochigase/play-samples-play-scala-hello-world-tutorial/target/streams/compile/bloopAnalysisOut/_global/streams/inc_compile_2.13.zip'.
[0m[32m[D][0m Waiting for a connection at local:///var/folders/_f/jc9h1sv54wj9jwcgz5pyljt40000gp/T/bsp-launcher14903602288119387274/bsp.socket...
The server is listening for incoming connections at local:///var/folders/_f/jc9h1sv54wj9jwcgz5pyljt40000gp/T/bsp-launcher14903602288119387274/bsp.socket...
Starting thread that pumps stdin and redirects it to the bsp server...
Starting thread that pumps server stdout and redirects it to the client stdout...
2020.09.04 06:51:08 INFO  tracing is disabled for protocol BSP, to enable tracing of incoming and outgoing JSON messages create an empty file at /Users/hidenobumochigase/Library/Caches/org.scalameta.metals/bsp.trace.json
2020.09.04 06:51:09 INFO  time: connected to build server in 12s
2020.09.04 06:51:09 INFO  Connected to Build server v1.4.3-23-550c6c0a
2020.09.04 06:51:08 INFO  time: imported build in 0.22s
2020.09.04 06:51:13 INFO  time: indexed workspace in 4.18s
9月 04, 2020 8:11:42 午前 org.eclipse.lsp4j.jsonrpc.RemoteEndpoint handleCancellation
警告: Unmatched cancel notification for request id 1
9月 04, 2020 8:12:05 午前 org.eclipse.lsp4j.jsonrpc.services.GenericEndpoint notify
情報: Unsupported notification method: $/setTraceNotification
